2025-02-25T02:17:02.288Z 	 info: Azurite Blob service is starting on 127.0.0.1:10000
2025-02-25T02:17:02.289Z 	 info: AccountDataStore:init() Refresh accounts from environment variable AZURITE_ACCOUNTS with value undefined
2025-02-25T02:17:02.289Z 	 info: AccountDataStore:init() Fallback to default emulator account devstoreaccount1.
2025-02-25T02:17:02.299Z 	 info: BlobGCManager:start() Starting BlobGCManager. Set status to Initializing.
2025-02-25T02:17:02.300Z 	 info: BlobGCManager:start() Trigger mark and sweep loop. Set status to Running.
2025-02-25T02:17:02.300Z 	 info: BlobGCManager:markSweepLoop() Start next mark and sweep.
2025-02-25T02:17:02.300Z 	 info: BlobGCManager:markSweep() Get all extents.
2025-02-25T02:17:02.301Z 	 info: BlobGCManager:start() BlobGCManager successfully started.
2025-02-25T02:17:02.302Z 	 info: BlobGCManager:markSweep() Got 0 extents.
2025-02-25T02:17:02.302Z 	 info: BlobGCManager:markSweep() Get referred extents.
2025-02-25T02:17:02.303Z 	 info: BlobGCManager:markSweep() Got referred extents, unreferenced extents count is 0.
2025-02-25T02:17:02.303Z 	 info: BlobGCManager:markSweepLoop() Mark and sweep finished, taken 3ms.
2025-02-25T02:17:02.303Z 	 info: BlobGCManager:markSweepLoop() Sleep for 600000ms.
2025-02-25T02:17:02.304Z 	 info: Azurite Blob service successfully listens on http://127.0.0.1:10000
2025-02-25T02:17:02.304Z 	 info: Azurite Queue service is starting on 127.0.0.1:10001
2025-02-25T02:17:02.304Z 	 info: AccountDataStore:init() Refresh accounts from environment variable AZURITE_ACCOUNTS with value undefined
2025-02-25T02:17:02.304Z 	 info: AccountDataStore:init() Fallback to default emulator account devstoreaccount1.
2025-02-25T02:17:02.309Z 	 info: QueueGCManager:start() Starting QueueGCManager, set status to Initializing
2025-02-25T02:17:02.309Z 	 info: QueueGCManager:start() Trigger mark and sweep loop, set status to Running.
2025-02-25T02:17:02.310Z 	 info: QueueGCManager:markSweepLoop() Start new mark and sweep.
2025-02-25T02:17:02.310Z 	 info: QueueGCManger:markSweep() Get all extents.
2025-02-25T02:17:02.310Z 	 info: QueueGCManager:start() QueueGCManager successfully started.
2025-02-25T02:17:02.310Z 	 info: QueueGCManager:marksweep() Get 0 extents.
2025-02-25T02:17:02.310Z 	 info: QueueGCManager:markSweep() Get referred extents, then remove from allExtents.
2025-02-25T02:17:02.310Z 	 info: QueueGCManager:markSweep() Got referred extents, unreferenced extents count is 0.
2025-02-25T02:17:02.310Z 	 info: QueueGCManager:markSweepLoop() Mark and sweep finished, take 0ms.
2025-02-25T02:17:02.311Z 	 info: QueueGCManager:markSweepLoop() Sleep for 60000
2025-02-25T02:17:02.311Z 	 info: Azurite Queue service successfully listens on http://127.0.0.1:10001
2025-02-25T02:17:02.311Z 	 info: Azurite Table service is starting on 127.0.0.1:10002
2025-02-25T02:17:02.311Z 	 info: AccountDataStore:init() Refresh accounts from environment variable AZURITE_ACCOUNTS with value undefined
2025-02-25T02:17:02.311Z 	 info: AccountDataStore:init() Fallback to default emulator account devstoreaccount1.
2025-02-25T02:17:02.314Z 	 info: Azurite Table service successfully listens on http://127.0.0.1:10002
2025-02-25T02:17:41.163Z 	 info: Azurite Blob service is closing...
2025-02-25T02:17:41.164Z 	 info: Azurite Queue service is closing...
2025-02-25T02:17:41.164Z 	 info: Azurite Table service is closing...
2025-02-25T02:17:41.165Z 	 info: BlobGCManager:close() Start closing BlobGCManager. Set status to Closing.
2025-02-25T02:17:41.165Z 	 info: QueueGCManager:close() Start closing QueueGCManager, set status to Closing.
2025-02-25T02:17:41.166Z 	 info: BlobGCManager:start() Mark and sweep loop is closed.
2025-02-25T02:17:41.166Z 	 info: BlobGCManager:close() BlobGCManager successfully closed. Set status to Closed.
2025-02-25T02:17:41.166Z 	 info: QueueGCManager:start() Mark and sweep loop is closed.
2025-02-25T02:17:41.166Z 	 info: QueueGCManager:close() QueueGCManager successfully closed, set status to Closed.
2025-02-25T02:17:41.166Z 	 info: Azurite Table service successfully closed
2025-02-25T02:17:41.168Z 	 info: Azurite Blob service successfully closed
2025-02-25T02:17:41.168Z 	 info: Azurite Queue service successfully closed
2025-02-25T02:20:36.501Z 	 info: Azurite Blob service is starting on 127.0.0.1:10000
2025-02-25T02:20:36.502Z 	 info: AccountDataStore:init() Refresh accounts from environment variable AZURITE_ACCOUNTS with value undefined
2025-02-25T02:20:36.502Z 	 info: AccountDataStore:init() Fallback to default emulator account devstoreaccount1.
2025-02-25T02:20:36.515Z 	 info: BlobGCManager:start() Starting BlobGCManager. Set status to Initializing.
2025-02-25T02:20:36.515Z 	 info: BlobGCManager:start() Trigger mark and sweep loop. Set status to Running.
2025-02-25T02:20:36.515Z 	 info: BlobGCManager:markSweepLoop() Start next mark and sweep.
2025-02-25T02:20:36.515Z 	 info: BlobGCManager:markSweep() Get all extents.
2025-02-25T02:20:36.516Z 	 info: BlobGCManager:start() BlobGCManager successfully started.
2025-02-25T02:20:36.518Z 	 info: BlobGCManager:markSweep() Got 0 extents.
2025-02-25T02:20:36.518Z 	 info: BlobGCManager:markSweep() Get referred extents.
2025-02-25T02:20:36.518Z 	 info: BlobGCManager:markSweep() Got referred extents, unreferenced extents count is 0.
2025-02-25T02:20:36.518Z 	 info: BlobGCManager:markSweepLoop() Mark and sweep finished, taken 3ms.
2025-02-25T02:20:36.518Z 	 info: BlobGCManager:markSweepLoop() Sleep for 600000ms.
2025-02-25T02:20:36.520Z 	 info: Azurite Blob service successfully listens on http://127.0.0.1:10000
2025-02-25T02:20:36.520Z 	 info: Azurite Queue service is starting on 127.0.0.1:10001
2025-02-25T02:20:36.520Z 	 info: AccountDataStore:init() Refresh accounts from environment variable AZURITE_ACCOUNTS with value undefined
2025-02-25T02:20:36.520Z 	 info: AccountDataStore:init() Fallback to default emulator account devstoreaccount1.
2025-02-25T02:20:36.527Z 	 info: QueueGCManager:start() Starting QueueGCManager, set status to Initializing
2025-02-25T02:20:36.527Z 	 info: QueueGCManager:start() Trigger mark and sweep loop, set status to Running.
2025-02-25T02:20:36.527Z 	 info: QueueGCManager:markSweepLoop() Start new mark and sweep.
2025-02-25T02:20:36.528Z 	 info: QueueGCManger:markSweep() Get all extents.
2025-02-25T02:20:36.528Z 	 info: QueueGCManager:start() QueueGCManager successfully started.
2025-02-25T02:20:36.528Z 	 info: QueueGCManager:marksweep() Get 0 extents.
2025-02-25T02:20:36.528Z 	 info: QueueGCManager:markSweep() Get referred extents, then remove from allExtents.
2025-02-25T02:20:36.529Z 	 info: QueueGCManager:markSweep() Got referred extents, unreferenced extents count is 0.
2025-02-25T02:20:36.529Z 	 info: QueueGCManager:markSweepLoop() Mark and sweep finished, take 2ms.
2025-02-25T02:20:36.529Z 	 info: QueueGCManager:markSweepLoop() Sleep for 60000
2025-02-25T02:20:36.529Z 	 info: Azurite Queue service successfully listens on http://127.0.0.1:10001
2025-02-25T02:20:36.529Z 	 info: Azurite Table service is starting on 127.0.0.1:10002
2025-02-25T02:20:36.529Z 	 info: AccountDataStore:init() Refresh accounts from environment variable AZURITE_ACCOUNTS with value undefined
2025-02-25T02:20:36.529Z 	 info: AccountDataStore:init() Fallback to default emulator account devstoreaccount1.
2025-02-25T02:20:36.533Z 	 info: Azurite Table service successfully listens on http://127.0.0.1:10002
2025-02-25T02:20:59.125Z b25d96d2-f418-4511-a07e-e4bf80511c23 info: BlobStorageContextMiddleware: RequestMethod=HEAD RequestURL=http://127.0.0.1/devstoreaccount1/azure-webjobs-hosts/locks/codespaces62b06d-1527892608/host RequestHeaders:{"host":"127.0.0.1:10000","x-ms-version":"2023-11-03","accept":"application/xml","x-ms-client-request-id":"e9c7d122-5693-40ce-8164-70aeaac327cb","x-ms-return-client-request-id":"true","user-agent":"azsdk-net-Storage.Blobs/12.19.1 (.NET 8.0.11; Ubuntu 20.04.6 LTS)","x-ms-date":"Tue, 25 Feb 2025 02:20:59 GMT","authorization":"SharedKey devstoreaccount1:blPk5WIfnXBGn3YybI+VC9o0rohzD7pCeIp0bdeTW28="} ClientIP=127.0.0.1 Protocol=http HTTPVersion=1.1
2025-02-25T02:20:59.127Z b25d96d2-f418-4511-a07e-e4bf80511c23 info: BlobStorageContextMiddleware: Account=devstoreaccount1 Container=azure-webjobs-hosts Blob=locks/codespaces62b06d-1527892608/host
2025-02-25T02:20:59.127Z b25d96d2-f418-4511-a07e-e4bf80511c23 verbose: DispatchMiddleware: Dispatching request...
2025-02-25T02:20:59.128Z b25d96d2-f418-4511-a07e-e4bf80511c23 info: DispatchMiddleware: Operation=Blob_GetProperties
2025-02-25T02:20:59.129Z b25d96d2-f418-4511-a07e-e4bf80511c23 verbose: AuthenticationMiddlewareFactory:createAuthenticationMiddleware() Validating authentications.
2025-02-25T02:20:59.129Z b25d96d2-f418-4511-a07e-e4bf80511c23 info: PublicAccessAuthenticator:validate() Start validation against public access.
2025-02-25T02:20:59.129Z b25d96d2-f418-4511-a07e-e4bf80511c23 debug: PublicAccessAuthenticator:validate() Getting account properties...
2025-02-25T02:20:59.129Z b25d96d2-f418-4511-a07e-e4bf80511c23 debug: PublicAccessAuthenticator:validate() Retrieved account name from context: devstoreaccount1, container: azure-webjobs-hosts, blob: locks/codespaces62b06d-1527892608/host
2025-02-25T02:20:59.132Z b25d96d2-f418-4511-a07e-e4bf80511c23 debug: PublicAccessAuthenticator:validate() Skip public access authentication. Cannot get public access type for container azure-webjobs-hosts
2025-02-25T02:20:59.133Z b25d96d2-f418-4511-a07e-e4bf80511c23 info: BlobSharedKeyAuthenticator:validate() Start validation against account shared key authentication.
2025-02-25T02:20:59.141Z b25d96d2-f418-4511-a07e-e4bf80511c23 info: BlobSharedKeyAuthenticator:validate() [STRING TO SIGN]:"HEAD\n\n\n\n\n\n\n\n\n\n\n\nx-ms-client-request-id:e9c7d122-5693-40ce-8164-70aeaac327cb\nx-ms-date:Tue, 25 Feb 2025 02:20:59 GMT\nx-ms-return-client-request-id:true\nx-ms-version:2023-11-03\n/devstoreaccount1/devstoreaccount1/azure-webjobs-hosts/locks/codespaces62b06d-1527892608/host"
2025-02-25T02:20:59.141Z b25d96d2-f418-4511-a07e-e4bf80511c23 info: BlobSharedKeyAuthenticator:validate() Calculated authentication header based on key1: SharedKey devstoreaccount1:blPk5WIfnXBGn3YybI+VC9o0rohzD7pCeIp0bdeTW28=
2025-02-25T02:20:59.141Z b25d96d2-f418-4511-a07e-e4bf80511c23 info: BlobSharedKeyAuthenticator:validate() Signature 1 matched.
2025-02-25T02:20:59.141Z b25d96d2-f418-4511-a07e-e4bf80511c23 verbose: DeserializerMiddleware: Start deserializing...
2025-02-25T02:20:59.142Z b25d96d2-f418-4511-a07e-e4bf80511c23 info: HandlerMiddleware: DeserializedParameters={"options":{"requestId":"e9c7d122-5693-40ce-8164-70aeaac327cb","leaseAccessConditions":{},"cpkInfo":{},"modifiedAccessConditions":{}},"version":"2023-11-03"}
2025-02-25T02:20:59.143Z b25d96d2-f418-4511-a07e-e4bf80511c23 error: ErrorMiddleware: Received a MiddlewareError, fill error information to HTTP response
2025-02-25T02:20:59.144Z b25d96d2-f418-4511-a07e-e4bf80511c23 error: ErrorMiddleware: ErrorName=StorageError ErrorMessage=The specified container does not exist.  ErrorHTTPStatusCode=404 ErrorHTTPStatusMessage=The specified container does not exist. ErrorHTTPHeaders={"x-ms-error-code":"ContainerNotFound","x-ms-request-id":"b25d96d2-f418-4511-a07e-e4bf80511c23"} ErrorHTTPBody="<?xml version=\"1.0\" encoding=\"UTF-8\" standalone=\"yes\"?>\n<Error>\n  <Code>ContainerNotFound</Code>\n  <Message>The specified container does not exist.\nRequestId:b25d96d2-f418-4511-a07e-e4bf80511c23\nTime:2025-02-25T02:20:59.143Z</Message>\n</Error>" ErrorStack="StorageError: The specified container does not exist.\n    at StorageErrorFactory.getContainerNotFound (/usr/local/share/nvm/versions/node/v20.18.1/lib/node_modules/azurite/dist/src/blob/errors/StorageErrorFactory.js:14:16)\n    at LokiBlobMetadataStore.checkContainerExist (/usr/local/share/nvm/versions/node/v20.18.1/lib/node_modules/azurite/dist/src/blob/persistence/LokiBlobMetadataStore.js:566:49)\n    at LokiBlobMetadataStore.getBlobWithLeaseUpdated (/usr/local/share/nvm/versions/node/v20.18.1/lib/node_modules/azurite/dist/src/blob/persistence/LokiBlobMetadataStore.js:2100:20)\n    at LokiBlobMetadataStore.getBlobProperties (/usr/local/share/nvm/versions/node/v20.18.1/lib/node_modules/azurite/dist/src/blob/persistence/LokiBlobMetadataStore.js:866:32)\n    at BlobHandler.getProperties (/usr/local/share/nvm/versions/node/v20.18.1/lib/node_modules/azurite/dist/src/blob/handlers/BlobHandler.js:70:46)\n    at /usr/local/share/nvm/versions/node/v20.18.1/lib/node_modules/azurite/dist/src/blob/generated/middleware/HandlerMiddlewareFactory.js:58:18\n    at /usr/local/share/nvm/versions/node/v20.18.1/lib/node_modules/azurite/dist/src/blob/generated/ExpressMiddlewareFactory.js:78:63\n    at Layer.handle [as handle_request] (/usr/local/share/nvm/versions/node/v20.18.1/lib/node_modules/azurite/node_modules/express/lib/router/layer.js:95:5)\n    at trim_prefix (/usr/local/share/nvm/versions/node/v20.18.1/lib/node_modules/azurite/node_modules/express/lib/router/index.js:328:13)\n    at /usr/local/share/nvm/versions/node/v20.18.1/lib/node_modules/azurite/node_modules/express/lib/router/index.js:286:9"
2025-02-25T02:20:59.144Z b25d96d2-f418-4511-a07e-e4bf80511c23 error: ErrorMiddleware: Set HTTP code: 404
2025-02-25T02:20:59.144Z b25d96d2-f418-4511-a07e-e4bf80511c23 error: ErrorMiddleware: Set HTTP status message: The specified container does not exist.
2025-02-25T02:20:59.144Z b25d96d2-f418-4511-a07e-e4bf80511c23 error: ErrorMiddleware: Set HTTP Header: x-ms-error-code=ContainerNotFound
2025-02-25T02:20:59.144Z b25d96d2-f418-4511-a07e-e4bf80511c23 error: ErrorMiddleware: Set HTTP Header: x-ms-request-id=b25d96d2-f418-4511-a07e-e4bf80511c23
2025-02-25T02:20:59.144Z b25d96d2-f418-4511-a07e-e4bf80511c23 error: ErrorMiddleware: Set HTTP body: "<?xml version=\"1.0\" encoding=\"UTF-8\" standalone=\"yes\"?>\n<Error>\n  <Code>ContainerNotFound</Code>\n  <Message>The specified container does not exist.\nRequestId:b25d96d2-f418-4511-a07e-e4bf80511c23\nTime:2025-02-25T02:20:59.143Z</Message>\n</Error>"
2025-02-25T02:20:59.144Z b25d96d2-f418-4511-a07e-e4bf80511c23 info: EndMiddleware: End response. TotalTimeInMS=19 StatusCode=404 StatusMessage=The specified container does not exist. Headers={"server":"Azurite-Blob/3.33.0","x-ms-error-code":"ContainerNotFound","x-ms-request-id":"b25d96d2-f418-4511-a07e-e4bf80511c23"}
2025-02-25T02:20:59.165Z 26cd2b29-f69d-4695-a479-aff7783ab84c info: BlobStorageContextMiddleware: RequestMethod=PUT RequestURL=http://127.0.0.1/devstoreaccount1/azure-webjobs-hosts/locks/codespaces62b06d-1527892608/host?comp=lease RequestHeaders:{"host":"127.0.0.1:10000","x-ms-lease-action":"acquire","x-ms-version":"2023-11-03","accept":"application/xml","x-ms-lease-duration":"15","x-ms-proposed-lease-id":"000000000000000000000000199719D4","x-ms-client-request-id":"f10e46b0-fdba-4181-a9ab-5a84b9420293","x-ms-return-client-request-id":"true","user-agent":"azsdk-net-Storage.Blobs/12.19.1 (.NET 8.0.11; Ubuntu 20.04.6 LTS)","x-ms-date":"Tue, 25 Feb 2025 02:20:59 GMT","authorization":"SharedKey devstoreaccount1:MzXdHc0dKnLsm6vj6CRIxzCtf3zCK0LV5kchTzdhBVM=","content-length":"0"} ClientIP=127.0.0.1 Protocol=http HTTPVersion=1.1
2025-02-25T02:20:59.166Z 26cd2b29-f69d-4695-a479-aff7783ab84c info: BlobStorageContextMiddleware: Account=devstoreaccount1 Container=azure-webjobs-hosts Blob=locks/codespaces62b06d-1527892608/host
2025-02-25T02:20:59.167Z 26cd2b29-f69d-4695-a479-aff7783ab84c verbose: DispatchMiddleware: Dispatching request...
2025-02-25T02:20:59.168Z 26cd2b29-f69d-4695-a479-aff7783ab84c info: DispatchMiddleware: Operation=Blob_AcquireLease
2025-02-25T02:20:59.169Z 26cd2b29-f69d-4695-a479-aff7783ab84c verbose: AuthenticationMiddlewareFactory:createAuthenticationMiddleware() Validating authentications.
2025-02-25T02:20:59.169Z 26cd2b29-f69d-4695-a479-aff7783ab84c info: PublicAccessAuthenticator:validate() Start validation against public access.
2025-02-25T02:20:59.169Z 26cd2b29-f69d-4695-a479-aff7783ab84c debug: PublicAccessAuthenticator:validate() Getting account properties...
2025-02-25T02:20:59.169Z 26cd2b29-f69d-4695-a479-aff7783ab84c debug: PublicAccessAuthenticator:validate() Retrieved account name from context: devstoreaccount1, container: azure-webjobs-hosts, blob: locks/codespaces62b06d-1527892608/host
2025-02-25T02:20:59.169Z 26cd2b29-f69d-4695-a479-aff7783ab84c debug: PublicAccessAuthenticator:validate() Skip public access authentication. Cannot get public access type for container azure-webjobs-hosts
2025-02-25T02:20:59.169Z 26cd2b29-f69d-4695-a479-aff7783ab84c info: BlobSharedKeyAuthenticator:validate() Start validation against account shared key authentication.
2025-02-25T02:20:59.169Z 26cd2b29-f69d-4695-a479-aff7783ab84c info: BlobSharedKeyAuthenticator:validate() [STRING TO SIGN]:"PUT\n\n\n\n\n\n\n\n\n\n\n\nx-ms-client-request-id:f10e46b0-fdba-4181-a9ab-5a84b9420293\nx-ms-date:Tue, 25 Feb 2025 02:20:59 GMT\nx-ms-lease-action:acquire\nx-ms-lease-duration:15\nx-ms-proposed-lease-id:000000000000000000000000199719D4\nx-ms-return-client-request-id:true\nx-ms-version:2023-11-03\n/devstoreaccount1/devstoreaccount1/azure-webjobs-hosts/locks/codespaces62b06d-1527892608/host\ncomp:lease"
2025-02-25T02:20:59.169Z 26cd2b29-f69d-4695-a479-aff7783ab84c info: BlobSharedKeyAuthenticator:validate() Calculated authentication header based on key1: SharedKey devstoreaccount1:MzXdHc0dKnLsm6vj6CRIxzCtf3zCK0LV5kchTzdhBVM=
2025-02-25T02:20:59.169Z 26cd2b29-f69d-4695-a479-aff7783ab84c info: BlobSharedKeyAuthenticator:validate() Signature 1 matched.
2025-02-25T02:20:59.169Z 26cd2b29-f69d-4695-a479-aff7783ab84c verbose: DeserializerMiddleware: Start deserializing...
2025-02-25T02:20:59.170Z 26cd2b29-f69d-4695-a479-aff7783ab84c info: HandlerMiddleware: DeserializedParameters={"options":{"duration":15,"proposedLeaseId":"000000000000000000000000199719D4","requestId":"f10e46b0-fdba-4181-a9ab-5a84b9420293","modifiedAccessConditions":{}},"comp":"lease","version":"2023-11-03","action":"acquire"}
2025-02-25T02:20:59.170Z 26cd2b29-f69d-4695-a479-aff7783ab84c error: ErrorMiddleware: Received a MiddlewareError, fill error information to HTTP response
2025-02-25T02:20:59.170Z 26cd2b29-f69d-4695-a479-aff7783ab84c error: ErrorMiddleware: ErrorName=StorageError ErrorMessage=The specified container does not exist.  ErrorHTTPStatusCode=404 ErrorHTTPStatusMessage=The specified container does not exist. ErrorHTTPHeaders={"x-ms-error-code":"ContainerNotFound","x-ms-request-id":"26cd2b29-f69d-4695-a479-aff7783ab84c"} ErrorHTTPBody="<?xml version=\"1.0\" encoding=\"UTF-8\" standalone=\"yes\"?>\n<Error>\n  <Code>ContainerNotFound</Code>\n  <Message>The specified container does not exist.\nRequestId:26cd2b29-f69d-4695-a479-aff7783ab84c\nTime:2025-02-25T02:20:59.170Z</Message>\n</Error>" ErrorStack="StorageError: The specified container does not exist.\n    at StorageErrorFactory.getContainerNotFound (/usr/local/share/nvm/versions/node/v20.18.1/lib/node_modules/azurite/dist/src/blob/errors/StorageErrorFactory.js:14:16)\n    at LokiBlobMetadataStore.checkContainerExist (/usr/local/share/nvm/versions/node/v20.18.1/lib/node_modules/azurite/dist/src/blob/persistence/LokiBlobMetadataStore.js:566:49)\n    at LokiBlobMetadataStore.getBlobWithLeaseUpdated (/usr/local/share/nvm/versions/node/v20.18.1/lib/node_modules/azurite/dist/src/blob/persistence/LokiBlobMetadataStore.js:2100:20)\n    at LokiBlobMetadataStore.acquireBlobLease (/usr/local/share/nvm/versions/node/v20.18.1/lib/node_modules/azurite/dist/src/blob/persistence/LokiBlobMetadataStore.js:1044:32)\n    at BlobHandler.acquireLease (/usr/local/share/nvm/versions/node/v20.18.1/lib/node_modules/azurite/dist/src/blob/handlers/BlobHandler.js:239:46)\n    at /usr/local/share/nvm/versions/node/v20.18.1/lib/node_modules/azurite/dist/src/blob/generated/middleware/HandlerMiddlewareFactory.js:58:18\n    at /usr/local/share/nvm/versions/node/v20.18.1/lib/node_modules/azurite/dist/src/blob/generated/ExpressMiddlewareFactory.js:78:63\n    at Layer.handle [as handle_request] (/usr/local/share/nvm/versions/node/v20.18.1/lib/node_modules/azurite/node_modules/express/lib/router/layer.js:95:5)\n    at trim_prefix (/usr/local/share/nvm/versions/node/v20.18.1/lib/node_modules/azurite/node_modules/express/lib/router/index.js:328:13)\n    at /usr/local/share/nvm/versions/node/v20.18.1/lib/node_modules/azurite/node_modules/express/lib/router/index.js:286:9"
2025-02-25T02:20:59.170Z 26cd2b29-f69d-4695-a479-aff7783ab84c error: ErrorMiddleware: Set HTTP code: 404
2025-02-25T02:20:59.170Z 26cd2b29-f69d-4695-a479-aff7783ab84c error: ErrorMiddleware: Set HTTP status message: The specified container does not exist.
2025-02-25T02:20:59.170Z 26cd2b29-f69d-4695-a479-aff7783ab84c error: ErrorMiddleware: Set HTTP Header: x-ms-error-code=ContainerNotFound
2025-02-25T02:20:59.170Z 26cd2b29-f69d-4695-a479-aff7783ab84c error: ErrorMiddleware: Set HTTP Header: x-ms-request-id=26cd2b29-f69d-4695-a479-aff7783ab84c
2025-02-25T02:20:59.170Z 26cd2b29-f69d-4695-a479-aff7783ab84c error: ErrorMiddleware: Set content type: application/xml
2025-02-25T02:20:59.170Z 26cd2b29-f69d-4695-a479-aff7783ab84c error: ErrorMiddleware: Set HTTP body: "<?xml version=\"1.0\" encoding=\"UTF-8\" standalone=\"yes\"?>\n<Error>\n  <Code>ContainerNotFound</Code>\n  <Message>The specified container does not exist.\nRequestId:26cd2b29-f69d-4695-a479-aff7783ab84c\nTime:2025-02-25T02:20:59.170Z</Message>\n</Error>"
2025-02-25T02:20:59.171Z 26cd2b29-f69d-4695-a479-aff7783ab84c info: EndMiddleware: End response. TotalTimeInMS=6 StatusCode=404 StatusMessage=The specified container does not exist. Headers={"server":"Azurite-Blob/3.33.0","x-ms-error-code":"ContainerNotFound","x-ms-request-id":"26cd2b29-f69d-4695-a479-aff7783ab84c","content-type":"application/xml"}
2025-02-25T02:20:59.192Z 464bbba8-b10f-4487-93b7-850b43de2158 info: BlobStorageContextMiddleware: RequestMethod=PUT RequestURL=http://127.0.0.1/devstoreaccount1/azure-webjobs-hosts/locks/codespaces62b06d-1527892608/host RequestHeaders:{"host":"127.0.0.1:10000","x-ms-blob-type":"BlockBlob","if-none-match":"*","x-ms-version":"2023-11-03","accept":"application/xml","x-ms-client-request-id":"0e5a9979-0ad5-4cfa-8324-c718331a4e0e","x-ms-return-client-request-id":"true","user-agent":"azsdk-net-Storage.Blobs/12.19.1 (.NET 8.0.11; Ubuntu 20.04.6 LTS)","x-ms-date":"Tue, 25 Feb 2025 02:20:59 GMT","authorization":"SharedKey devstoreaccount1:D5GMM7jXjsj3E+o0tT6Wyzg7es5R0k4JTb0FnaC86wQ=","content-length":"0","content-type":"application/octet-stream"} ClientIP=127.0.0.1 Protocol=http HTTPVersion=1.1
2025-02-25T02:20:59.192Z 464bbba8-b10f-4487-93b7-850b43de2158 info: BlobStorageContextMiddleware: Account=devstoreaccount1 Container=azure-webjobs-hosts Blob=locks/codespaces62b06d-1527892608/host
2025-02-25T02:20:59.193Z 464bbba8-b10f-4487-93b7-850b43de2158 verbose: DispatchMiddleware: Dispatching request...
2025-02-25T02:20:59.195Z 464bbba8-b10f-4487-93b7-850b43de2158 info: DispatchMiddleware: Operation=BlockBlob_Upload
2025-02-25T02:20:59.195Z 464bbba8-b10f-4487-93b7-850b43de2158 verbose: AuthenticationMiddlewareFactory:createAuthenticationMiddleware() Validating authentications.
2025-02-25T02:20:59.195Z 464bbba8-b10f-4487-93b7-850b43de2158 info: PublicAccessAuthenticator:validate() Start validation against public access.
2025-02-25T02:20:59.196Z 464bbba8-b10f-4487-93b7-850b43de2158 debug: PublicAccessAuthenticator:validate() Getting account properties...
2025-02-25T02:20:59.196Z 464bbba8-b10f-4487-93b7-850b43de2158 debug: PublicAccessAuthenticator:validate() Retrieved account name from context: devstoreaccount1, container: azure-webjobs-hosts, blob: locks/codespaces62b06d-1527892608/host
2025-02-25T02:20:59.196Z 464bbba8-b10f-4487-93b7-850b43de2158 debug: PublicAccessAuthenticator:validate() Skip public access authentication. Cannot get public access type for container azure-webjobs-hosts
2025-02-25T02:20:59.196Z 464bbba8-b10f-4487-93b7-850b43de2158 info: BlobSharedKeyAuthenticator:validate() Start validation against account shared key authentication.
2025-02-25T02:20:59.197Z 464bbba8-b10f-4487-93b7-850b43de2158 info: BlobSharedKeyAuthenticator:validate() [STRING TO SIGN]:"PUT\n\n\n\n\napplication/octet-stream\n\n\n\n*\n\n\nx-ms-blob-type:BlockBlob\nx-ms-client-request-id:0e5a9979-0ad5-4cfa-8324-c718331a4e0e\nx-ms-date:Tue, 25 Feb 2025 02:20:59 GMT\nx-ms-return-client-request-id:true\nx-ms-version:2023-11-03\n/devstoreaccount1/devstoreaccount1/azure-webjobs-hosts/locks/codespaces62b06d-1527892608/host"
2025-02-25T02:20:59.197Z 464bbba8-b10f-4487-93b7-850b43de2158 info: BlobSharedKeyAuthenticator:validate() Calculated authentication header based on key1: SharedKey devstoreaccount1:D5GMM7jXjsj3E+o0tT6Wyzg7es5R0k4JTb0FnaC86wQ=
2025-02-25T02:20:59.197Z 464bbba8-b10f-4487-93b7-850b43de2158 info: BlobSharedKeyAuthenticator:validate() Signature 1 matched.
2025-02-25T02:20:59.197Z 464bbba8-b10f-4487-93b7-850b43de2158 verbose: DeserializerMiddleware: Start deserializing...
2025-02-25T02:20:59.197Z 464bbba8-b10f-4487-93b7-850b43de2158 info: HandlerMiddleware: DeserializedParameters={"options":{"metadata":{},"requestId":"0e5a9979-0ad5-4cfa-8324-c718331a4e0e","blobHTTPHeaders":{},"leaseAccessConditions":{},"cpkInfo":{},"cpkScopeInfo":{},"modifiedAccessConditions":{"ifNoneMatch":"*"}},"contentLength":0,"version":"2023-11-03","blobType":"BlockBlob","body":"ReadableStream"}
2025-02-25T02:20:59.198Z 464bbba8-b10f-4487-93b7-850b43de2158 error: ErrorMiddleware: Received a MiddlewareError, fill error information to HTTP response
2025-02-25T02:20:59.198Z 464bbba8-b10f-4487-93b7-850b43de2158 error: ErrorMiddleware: ErrorName=StorageError ErrorMessage=The specified container does not exist.  ErrorHTTPStatusCode=404 ErrorHTTPStatusMessage=The specified container does not exist. ErrorHTTPHeaders={"x-ms-error-code":"ContainerNotFound","x-ms-request-id":"464bbba8-b10f-4487-93b7-850b43de2158"} ErrorHTTPBody="<?xml version=\"1.0\" encoding=\"UTF-8\" standalone=\"yes\"?>\n<Error>\n  <Code>ContainerNotFound</Code>\n  <Message>The specified container does not exist.\nRequestId:464bbba8-b10f-4487-93b7-850b43de2158\nTime:2025-02-25T02:20:59.197Z</Message>\n</Error>" ErrorStack="StorageError: The specified container does not exist.\n    at StorageErrorFactory.getContainerNotFound (/usr/local/share/nvm/versions/node/v20.18.1/lib/node_modules/azurite/dist/src/blob/errors/StorageErrorFactory.js:14:16)\n    at LokiBlobMetadataStore.checkContainerExist (/usr/local/share/nvm/versions/node/v20.18.1/lib/node_modules/azurite/dist/src/blob/persistence/LokiBlobMetadataStore.js:566:49)\n    at BlockBlobHandler.upload (/usr/local/share/nvm/versions/node/v20.18.1/lib/node_modules/azurite/dist/src/blob/handlers/BlockBlobHandler.js:39:34)\n    at /usr/local/share/nvm/versions/node/v20.18.1/lib/node_modules/azurite/dist/src/blob/generated/middleware/HandlerMiddlewareFactory.js:58:18\n    at /usr/local/share/nvm/versions/node/v20.18.1/lib/node_modules/azurite/dist/src/blob/generated/ExpressMiddlewareFactory.js:78:63\n    at Layer.handle [as handle_request] (/usr/local/share/nvm/versions/node/v20.18.1/lib/node_modules/azurite/node_modules/express/lib/router/layer.js:95:5)\n    at trim_prefix (/usr/local/share/nvm/versions/node/v20.18.1/lib/node_modules/azurite/node_modules/express/lib/router/index.js:328:13)\n    at /usr/local/share/nvm/versions/node/v20.18.1/lib/node_modules/azurite/node_modules/express/lib/router/index.js:286:9\n    at Function.process_params (/usr/local/share/nvm/versions/node/v20.18.1/lib/node_modules/azurite/node_modules/express/lib/router/index.js:346:12)\n    at next (/usr/local/share/nvm/versions/node/v20.18.1/lib/node_modules/azurite/node_modules/express/lib/router/index.js:280:10)"
2025-02-25T02:20:59.198Z 464bbba8-b10f-4487-93b7-850b43de2158 error: ErrorMiddleware: Set HTTP code: 404
2025-02-25T02:20:59.198Z 464bbba8-b10f-4487-93b7-850b43de2158 error: ErrorMiddleware: Set HTTP status message: The specified container does not exist.
2025-02-25T02:20:59.198Z 464bbba8-b10f-4487-93b7-850b43de2158 error: ErrorMiddleware: Set HTTP Header: x-ms-error-code=ContainerNotFound
2025-02-25T02:20:59.198Z 464bbba8-b10f-4487-93b7-850b43de2158 error: ErrorMiddleware: Set HTTP Header: x-ms-request-id=464bbba8-b10f-4487-93b7-850b43de2158
2025-02-25T02:20:59.198Z 464bbba8-b10f-4487-93b7-850b43de2158 error: ErrorMiddleware: Set content type: application/xml
2025-02-25T02:20:59.198Z 464bbba8-b10f-4487-93b7-850b43de2158 error: ErrorMiddleware: Set HTTP body: "<?xml version=\"1.0\" encoding=\"UTF-8\" standalone=\"yes\"?>\n<Error>\n  <Code>ContainerNotFound</Code>\n  <Message>The specified container does not exist.\nRequestId:464bbba8-b10f-4487-93b7-850b43de2158\nTime:2025-02-25T02:20:59.197Z</Message>\n</Error>"
2025-02-25T02:20:59.198Z 464bbba8-b10f-4487-93b7-850b43de2158 info: EndMiddleware: End response. TotalTimeInMS=6 StatusCode=404 StatusMessage=The specified container does not exist. Headers={"server":"Azurite-Blob/3.33.0","x-ms-error-code":"ContainerNotFound","x-ms-request-id":"464bbba8-b10f-4487-93b7-850b43de2158","content-type":"application/xml"}
2025-02-25T02:20:59.206Z 28cf7fa9-c937-4247-affa-11c8703b20a3 info: BlobStorageContextMiddleware: RequestMethod=PUT RequestURL=http://127.0.0.1/devstoreaccount1/azure-webjobs-hosts?restype=container RequestHeaders:{"host":"127.0.0.1:10000","x-ms-version":"2023-11-03","accept":"application/xml","x-ms-client-request-id":"29c5b8d1-ffc8-4cba-9e4b-863a5ed5a43d","x-ms-return-client-request-id":"true","user-agent":"azsdk-net-Storage.Blobs/12.19.1 (.NET 8.0.11; Ubuntu 20.04.6 LTS)","x-ms-date":"Tue, 25 Feb 2025 02:20:59 GMT","authorization":"SharedKey devstoreaccount1:nfgfVn0MQw8s/NKfNb0drzgAqjNxescBrg9b4ua/0D8=","content-length":"0"} ClientIP=127.0.0.1 Protocol=http HTTPVersion=1.1
2025-02-25T02:20:59.207Z 28cf7fa9-c937-4247-affa-11c8703b20a3 info: BlobStorageContextMiddleware: Account=devstoreaccount1 Container=azure-webjobs-hosts Blob=
2025-02-25T02:20:59.207Z 28cf7fa9-c937-4247-affa-11c8703b20a3 verbose: DispatchMiddleware: Dispatching request...
2025-02-25T02:20:59.208Z 28cf7fa9-c937-4247-affa-11c8703b20a3 info: DispatchMiddleware: Operation=Container_Create
2025-02-25T02:20:59.208Z 28cf7fa9-c937-4247-affa-11c8703b20a3 verbose: AuthenticationMiddlewareFactory:createAuthenticationMiddleware() Validating authentications.
2025-02-25T02:20:59.208Z 28cf7fa9-c937-4247-affa-11c8703b20a3 info: PublicAccessAuthenticator:validate() Start validation against public access.
2025-02-25T02:20:59.208Z 28cf7fa9-c937-4247-affa-11c8703b20a3 debug: PublicAccessAuthenticator:validate() Getting account properties...
2025-02-25T02:20:59.208Z 28cf7fa9-c937-4247-affa-11c8703b20a3 debug: PublicAccessAuthenticator:validate() Retrieved account name from context: devstoreaccount1, container: azure-webjobs-hosts, blob: 
2025-02-25T02:20:59.209Z 28cf7fa9-c937-4247-affa-11c8703b20a3 debug: PublicAccessAuthenticator:validate() Skip public access authentication. Cannot get public access type for container azure-webjobs-hosts
2025-02-25T02:20:59.209Z 28cf7fa9-c937-4247-affa-11c8703b20a3 info: BlobSharedKeyAuthenticator:validate() Start validation against account shared key authentication.
2025-02-25T02:20:59.209Z 28cf7fa9-c937-4247-affa-11c8703b20a3 info: BlobSharedKeyAuthenticator:validate() [STRING TO SIGN]:"PUT\n\n\n\n\n\n\n\n\n\n\n\nx-ms-client-request-id:29c5b8d1-ffc8-4cba-9e4b-863a5ed5a43d\nx-ms-date:Tue, 25 Feb 2025 02:20:59 GMT\nx-ms-return-client-request-id:true\nx-ms-version:2023-11-03\n/devstoreaccount1/devstoreaccount1/azure-webjobs-hosts\nrestype:container"
2025-02-25T02:20:59.209Z 28cf7fa9-c937-4247-affa-11c8703b20a3 info: BlobSharedKeyAuthenticator:validate() Calculated authentication header based on key1: SharedKey devstoreaccount1:nfgfVn0MQw8s/NKfNb0drzgAqjNxescBrg9b4ua/0D8=
2025-02-25T02:20:59.209Z 28cf7fa9-c937-4247-affa-11c8703b20a3 info: BlobSharedKeyAuthenticator:validate() Signature 1 matched.
2025-02-25T02:20:59.209Z 28cf7fa9-c937-4247-affa-11c8703b20a3 verbose: DeserializerMiddleware: Start deserializing...
2025-02-25T02:20:59.209Z 28cf7fa9-c937-4247-affa-11c8703b20a3 info: HandlerMiddleware: DeserializedParameters={"options":{"metadata":{},"requestId":"29c5b8d1-ffc8-4cba-9e4b-863a5ed5a43d","containerCpkScopeInfo":{}},"restype":"container","version":"2023-11-03"}
2025-02-25T02:20:59.210Z 28cf7fa9-c937-4247-affa-11c8703b20a3 verbose: SerializerMiddleware: Start serializing...
2025-02-25T02:20:59.211Z 28cf7fa9-c937-4247-affa-11c8703b20a3 info: EndMiddleware: End response. TotalTimeInMS=5 StatusCode=201 StatusMessage=undefined Headers={"server":"Azurite-Blob/3.33.0","etag":"\"0x1C9B211CA2B2630\"","last-modified":"Tue, 25 Feb 2025 02:20:59 GMT","x-ms-client-request-id":"29c5b8d1-ffc8-4cba-9e4b-863a5ed5a43d","x-ms-request-id":"28cf7fa9-c937-4247-affa-11c8703b20a3","x-ms-version":"2025-01-05"}
2025-02-25T02:20:59.214Z ef8e8357-5884-4745-a9e6-c3cc4b56c44e info: BlobStorageContextMiddleware: RequestMethod=PUT RequestURL=http://127.0.0.1/devstoreaccount1/azure-webjobs-hosts/locks/codespaces62b06d-1527892608/host RequestHeaders:{"host":"127.0.0.1:10000","x-ms-blob-type":"BlockBlob","if-none-match":"*","x-ms-version":"2023-11-03","accept":"application/xml","x-ms-client-request-id":"acae9273-bd59-4f97-8373-4793e8a413ab","x-ms-return-client-request-id":"true","user-agent":"azsdk-net-Storage.Blobs/12.19.1 (.NET 8.0.11; Ubuntu 20.04.6 LTS)","x-ms-date":"Tue, 25 Feb 2025 02:20:59 GMT","authorization":"SharedKey devstoreaccount1:XocI3AbFFowt41V/68Sh8yLaJlV0slE3buGIigtlaKM=","content-length":"0","content-type":"application/octet-stream"} ClientIP=127.0.0.1 Protocol=http HTTPVersion=1.1
2025-02-25T02:20:59.215Z ef8e8357-5884-4745-a9e6-c3cc4b56c44e info: BlobStorageContextMiddleware: Account=devstoreaccount1 Container=azure-webjobs-hosts Blob=locks/codespaces62b06d-1527892608/host
2025-02-25T02:20:59.215Z ef8e8357-5884-4745-a9e6-c3cc4b56c44e verbose: DispatchMiddleware: Dispatching request...
2025-02-25T02:20:59.215Z ef8e8357-5884-4745-a9e6-c3cc4b56c44e info: DispatchMiddleware: Operation=BlockBlob_Upload
2025-02-25T02:20:59.216Z ef8e8357-5884-4745-a9e6-c3cc4b56c44e verbose: AuthenticationMiddlewareFactory:createAuthenticationMiddleware() Validating authentications.
2025-02-25T02:20:59.216Z ef8e8357-5884-4745-a9e6-c3cc4b56c44e info: PublicAccessAuthenticator:validate() Start validation against public access.
2025-02-25T02:20:59.216Z ef8e8357-5884-4745-a9e6-c3cc4b56c44e debug: PublicAccessAuthenticator:validate() Getting account properties...
2025-02-25T02:20:59.216Z ef8e8357-5884-4745-a9e6-c3cc4b56c44e debug: PublicAccessAuthenticator:validate() Retrieved account name from context: devstoreaccount1, container: azure-webjobs-hosts, blob: locks/codespaces62b06d-1527892608/host
2025-02-25T02:20:59.217Z ef8e8357-5884-4745-a9e6-c3cc4b56c44e debug: PublicAccessAuthenticator:validate() Skip public access authentication. Cannot get public access type for container azure-webjobs-hosts
2025-02-25T02:20:59.217Z ef8e8357-5884-4745-a9e6-c3cc4b56c44e info: BlobSharedKeyAuthenticator:validate() Start validation against account shared key authentication.
2025-02-25T02:20:59.217Z ef8e8357-5884-4745-a9e6-c3cc4b56c44e info: BlobSharedKeyAuthenticator:validate() [STRING TO SIGN]:"PUT\n\n\n\n\napplication/octet-stream\n\n\n\n*\n\n\nx-ms-blob-type:BlockBlob\nx-ms-client-request-id:acae9273-bd59-4f97-8373-4793e8a413ab\nx-ms-date:Tue, 25 Feb 2025 02:20:59 GMT\nx-ms-return-client-request-id:true\nx-ms-version:2023-11-03\n/devstoreaccount1/devstoreaccount1/azure-webjobs-hosts/locks/codespaces62b06d-1527892608/host"
2025-02-25T02:20:59.217Z ef8e8357-5884-4745-a9e6-c3cc4b56c44e info: BlobSharedKeyAuthenticator:validate() Calculated authentication header based on key1: SharedKey devstoreaccount1:XocI3AbFFowt41V/68Sh8yLaJlV0slE3buGIigtlaKM=
2025-02-25T02:20:59.217Z ef8e8357-5884-4745-a9e6-c3cc4b56c44e info: BlobSharedKeyAuthenticator:validate() Signature 1 matched.
2025-02-25T02:20:59.218Z ef8e8357-5884-4745-a9e6-c3cc4b56c44e verbose: DeserializerMiddleware: Start deserializing...
2025-02-25T02:20:59.218Z ef8e8357-5884-4745-a9e6-c3cc4b56c44e info: HandlerMiddleware: DeserializedParameters={"options":{"metadata":{},"requestId":"acae9273-bd59-4f97-8373-4793e8a413ab","blobHTTPHeaders":{},"leaseAccessConditions":{},"cpkInfo":{},"cpkScopeInfo":{},"modifiedAccessConditions":{"ifNoneMatch":"*"}},"contentLength":0,"version":"2023-11-03","blobType":"BlockBlob","body":"ReadableStream"}
2025-02-25T02:20:59.218Z ef8e8357-5884-4745-a9e6-c3cc4b56c44e debug: OperationQueue.operate() Schedule incoming job 039c48f8-054a-4d57-ba02-1e54025cce5f
2025-02-25T02:20:59.218Z ef8e8357-5884-4745-a9e6-c3cc4b56c44e debug: OperationQueue:execute() Current runningConcurrency:0 maxConcurrency:50 operations.length:1
2025-02-25T02:20:59.218Z ef8e8357-5884-4745-a9e6-c3cc4b56c44e info: FSExtentStore:appendExtent() Select extent from idle location for extent append operation. LocationId:1 extentId:9930b9ab-2bdc-4a6d-a678-0da94502ffbc offset:0 MAX_EXTENT_SIZE:67108864 
2025-02-25T02:20:59.218Z ef8e8357-5884-4745-a9e6-c3cc4b56c44e debug: FSExtentStore:appendExtent() Get fd:undefined for extent:9930b9ab-2bdc-4a6d-a678-0da94502ffbc from cache.
2025-02-25T02:20:59.219Z ef8e8357-5884-4745-a9e6-c3cc4b56c44e debug: FSExtentStore:appendExtent() Open file:azurite/__blobstorage__/9930b9ab-2bdc-4a6d-a678-0da94502ffbc for extent:9930b9ab-2bdc-4a6d-a678-0da94502ffbc, get new fd:29
2025-02-25T02:20:59.219Z ef8e8357-5884-4745-a9e6-c3cc4b56c44e debug: FSExtentStore:appendExtent() Created write stream for fd:29
2025-02-25T02:20:59.219Z ef8e8357-5884-4745-a9e6-c3cc4b56c44e debug: FSExtentStore:appendExtent() Start writing to extent 9930b9ab-2bdc-4a6d-a678-0da94502ffbc
2025-02-25T02:20:59.219Z ef8e8357-5884-4745-a9e6-c3cc4b56c44e debug: FSExtentStore:streamPipe() Start piping data to write stream
2025-02-25T02:20:59.220Z ef8e8357-5884-4745-a9e6-c3cc4b56c44e debug: FSExtentStore:streamPipe() Readable stream triggers close event, 0 bytes piped
2025-02-25T02:20:59.220Z ef8e8357-5884-4745-a9e6-c3cc4b56c44e debug: FSExtentStore:streamPipe() Invoke write stream end()
2025-02-25T02:20:59.220Z ef8e8357-5884-4745-a9e6-c3cc4b56c44e debug: FSExtentStore:streamPipe() Writable stream triggers finish event, after 0 bytes piped. Flush data to fd:29.
2025-02-25T02:20:59.220Z ef8e8357-5884-4745-a9e6-c3cc4b56c44e debug: FSExtentStore:streamPipe() Readable stream triggers close event, 0 bytes piped
2025-02-25T02:20:59.221Z ef8e8357-5884-4745-a9e6-c3cc4b56c44e debug: FSExtentStore:streamPipe() Flush data to fd:29 successfully. Resolve streamPipe().
2025-02-25T02:20:59.222Z ef8e8357-5884-4745-a9e6-c3cc4b56c44e debug: FSExtentStore:appendExtent() Write finish, start updating extent metadata. extent:{"id":"9930b9ab-2bdc-4a6d-a678-0da94502ffbc","locationId":"Default","path":"9930b9ab-2bdc-4a6d-a678-0da94502ffbc","size":0,"lastModifiedInMS":1740450059221}
2025-02-25T02:20:59.222Z ef8e8357-5884-4745-a9e6-c3cc4b56c44e debug: FSExtentStore:appendExtent() Update extent metadata done. Resolve()
2025-02-25T02:20:59.222Z ef8e8357-5884-4745-a9e6-c3cc4b56c44e debug: OperationQueue.operate() Job 039c48f8-054a-4d57-ba02-1e54025cce5f completes callback, resolve.
2025-02-25T02:20:59.222Z ef8e8357-5884-4745-a9e6-c3cc4b56c44e debug: OperationQueue:execute() Current runningConcurrency:0 maxConcurrency:50 operations.length:0
2025-02-25T02:20:59.222Z ef8e8357-5884-4745-a9e6-c3cc4b56c44e debug: OperationQueue:execute() return. Operation.length === 0
2025-02-25T02:20:59.223Z ef8e8357-5884-4745-a9e6-c3cc4b56c44e verbose: SerializerMiddleware: Start serializing...
2025-02-25T02:20:59.223Z ef8e8357-5884-4745-a9e6-c3cc4b56c44e info: EndMiddleware: End response. TotalTimeInMS=9 StatusCode=201 StatusMessage=undefined Headers={"server":"Azurite-Blob/3.33.0","etag":"\"0x1D7E14FA8134B20\"","last-modified":"Tue, 25 Feb 2025 02:20:59 GMT","content-md5":"1B2M2Y8AsgTpgAmY7PhCfg==","x-ms-client-request-id":"acae9273-bd59-4f97-8373-4793e8a413ab","x-ms-request-id":"ef8e8357-5884-4745-a9e6-c3cc4b56c44e","x-ms-version":"2025-01-05","date":"Tue, 25 Feb 2025 02:20:59 GMT","x-ms-request-server-encrypted":"true"}
2025-02-25T02:20:59.225Z 69768315-c364-493a-8098-2c747cfacb6c info: BlobStorageContextMiddleware: RequestMethod=PUT RequestURL=http://127.0.0.1/devstoreaccount1/azure-webjobs-hosts/locks/codespaces62b06d-1527892608/host?comp=lease RequestHeaders:{"host":"127.0.0.1:10000","x-ms-lease-action":"acquire","x-ms-version":"2023-11-03","accept":"application/xml","x-ms-lease-duration":"15","x-ms-proposed-lease-id":"000000000000000000000000199719D4","x-ms-client-request-id":"15df0905-e52c-4236-b0c8-09cadc99edd8","x-ms-return-client-request-id":"true","user-agent":"azsdk-net-Storage.Blobs/12.19.1 (.NET 8.0.11; Ubuntu 20.04.6 LTS)","x-ms-date":"Tue, 25 Feb 2025 02:20:59 GMT","authorization":"SharedKey devstoreaccount1:MYg21voPDM2fi+96ltzfyYylx8NpK4UNkRNxLE2qnCQ=","content-length":"0"} ClientIP=127.0.0.1 Protocol=http HTTPVersion=1.1
2025-02-25T02:20:59.226Z 69768315-c364-493a-8098-2c747cfacb6c info: BlobStorageContextMiddleware: Account=devstoreaccount1 Container=azure-webjobs-hosts Blob=locks/codespaces62b06d-1527892608/host
2025-02-25T02:20:59.226Z 69768315-c364-493a-8098-2c747cfacb6c verbose: DispatchMiddleware: Dispatching request...
2025-02-25T02:20:59.226Z 69768315-c364-493a-8098-2c747cfacb6c info: DispatchMiddleware: Operation=Blob_AcquireLease
2025-02-25T02:20:59.226Z 69768315-c364-493a-8098-2c747cfacb6c verbose: AuthenticationMiddlewareFactory:createAuthenticationMiddleware() Validating authentications.
2025-02-25T02:20:59.226Z 69768315-c364-493a-8098-2c747cfacb6c info: PublicAccessAuthenticator:validate() Start validation against public access.
2025-02-25T02:20:59.226Z 69768315-c364-493a-8098-2c747cfacb6c debug: PublicAccessAuthenticator:validate() Getting account properties...
2025-02-25T02:20:59.226Z 69768315-c364-493a-8098-2c747cfacb6c debug: PublicAccessAuthenticator:validate() Retrieved account name from context: devstoreaccount1, container: azure-webjobs-hosts, blob: locks/codespaces62b06d-1527892608/host
2025-02-25T02:20:59.226Z 69768315-c364-493a-8098-2c747cfacb6c debug: PublicAccessAuthenticator:validate() Skip public access authentication. Cannot get public access type for container azure-webjobs-hosts
2025-02-25T02:20:59.226Z 69768315-c364-493a-8098-2c747cfacb6c info: BlobSharedKeyAuthenticator:validate() Start validation against account shared key authentication.
2025-02-25T02:20:59.227Z 69768315-c364-493a-8098-2c747cfacb6c info: BlobSharedKeyAuthenticator:validate() [STRING TO SIGN]:"PUT\n\n\n\n\n\n\n\n\n\n\n\nx-ms-client-request-id:15df0905-e52c-4236-b0c8-09cadc99edd8\nx-ms-date:Tue, 25 Feb 2025 02:20:59 GMT\nx-ms-lease-action:acquire\nx-ms-lease-duration:15\nx-ms-proposed-lease-id:000000000000000000000000199719D4\nx-ms-return-client-request-id:true\nx-ms-version:2023-11-03\n/devstoreaccount1/devstoreaccount1/azure-webjobs-hosts/locks/codespaces62b06d-1527892608/host\ncomp:lease"
2025-02-25T02:20:59.227Z 69768315-c364-493a-8098-2c747cfacb6c info: BlobSharedKeyAuthenticator:validate() Calculated authentication header based on key1: SharedKey devstoreaccount1:MYg21voPDM2fi+96ltzfyYylx8NpK4UNkRNxLE2qnCQ=
2025-02-25T02:20:59.227Z 69768315-c364-493a-8098-2c747cfacb6c info: BlobSharedKeyAuthenticator:validate() Signature 1 matched.
2025-02-25T02:20:59.227Z 69768315-c364-493a-8098-2c747cfacb6c verbose: DeserializerMiddleware: Start deserializing...
2025-02-25T02:20:59.227Z 69768315-c364-493a-8098-2c747cfacb6c info: HandlerMiddleware: DeserializedParameters={"options":{"duration":15,"proposedLeaseId":"000000000000000000000000199719D4","requestId":"15df0905-e52c-4236-b0c8-09cadc99edd8","modifiedAccessConditions":{}},"comp":"lease","version":"2023-11-03","action":"acquire"}
2025-02-25T02:20:59.227Z 69768315-c364-493a-8098-2c747cfacb6c verbose: SerializerMiddleware: Start serializing...
2025-02-25T02:20:59.228Z 69768315-c364-493a-8098-2c747cfacb6c info: EndMiddleware: End response. TotalTimeInMS=3 StatusCode=201 StatusMessage=undefined Headers={"server":"Azurite-Blob/3.33.0","etag":"\"0x1D7E14FA8134B20\"","last-modified":"Tue, 25 Feb 2025 02:20:59 GMT","x-ms-lease-id":"000000000000000000000000199719D4","x-ms-client-request-id":"15df0905-e52c-4236-b0c8-09cadc99edd8","x-ms-request-id":"69768315-c364-493a-8098-2c747cfacb6c","x-ms-version":"2025-01-05","date":"Tue, 25 Feb 2025 02:20:59 GMT"}
2025-02-25T02:20:59.230Z a2292f3c-7e38-4117-85a4-b08d9913eaeb info: BlobStorageContextMiddleware: RequestMethod=HEAD RequestURL=http://127.0.0.1/devstoreaccount1/azure-webjobs-hosts/locks/codespaces62b06d-1527892608/host RequestHeaders:{"host":"127.0.0.1:10000","x-ms-version":"2023-11-03","accept":"application/xml","x-ms-client-request-id":"5deee0b0-3c42-4c44-9bea-18b6a8d51022","x-ms-return-client-request-id":"true","user-agent":"azsdk-net-Storage.Blobs/12.19.1 (.NET 8.0.11; Ubuntu 20.04.6 LTS)","x-ms-date":"Tue, 25 Feb 2025 02:20:59 GMT","authorization":"SharedKey devstoreaccount1:5BWjHELcplc0XeoxkMHCnd4370GObwE9XoiNUeT9ZV0="} ClientIP=127.0.0.1 Protocol=http HTTPVersion=1.1
2025-02-25T02:20:59.231Z a2292f3c-7e38-4117-85a4-b08d9913eaeb info: BlobStorageContextMiddleware: Account=devstoreaccount1 Container=azure-webjobs-hosts Blob=locks/codespaces62b06d-1527892608/host
2025-02-25T02:20:59.231Z a2292f3c-7e38-4117-85a4-b08d9913eaeb verbose: DispatchMiddleware: Dispatching request...
2025-02-25T02:20:59.231Z a2292f3c-7e38-4117-85a4-b08d9913eaeb info: DispatchMiddleware: Operation=Blob_GetProperties
2025-02-25T02:20:59.231Z a2292f3c-7e38-4117-85a4-b08d9913eaeb verbose: AuthenticationMiddlewareFactory:createAuthenticationMiddleware() Validating authentications.
2025-02-25T02:20:59.231Z a2292f3c-7e38-4117-85a4-b08d9913eaeb info: PublicAccessAuthenticator:validate() Start validation against public access.
2025-02-25T02:20:59.231Z a2292f3c-7e38-4117-85a4-b08d9913eaeb debug: PublicAccessAuthenticator:validate() Getting account properties...
2025-02-25T02:20:59.231Z a2292f3c-7e38-4117-85a4-b08d9913eaeb debug: PublicAccessAuthenticator:validate() Retrieved account name from context: devstoreaccount1, container: azure-webjobs-hosts, blob: locks/codespaces62b06d-1527892608/host
2025-02-25T02:20:59.231Z a2292f3c-7e38-4117-85a4-b08d9913eaeb debug: PublicAccessAuthenticator:validate() Skip public access authentication. Cannot get public access type for container azure-webjobs-hosts
2025-02-25T02:20:59.231Z a2292f3c-7e38-4117-85a4-b08d9913eaeb info: BlobSharedKeyAuthenticator:validate() Start validation against account shared key authentication.
2025-02-25T02:20:59.231Z a2292f3c-7e38-4117-85a4-b08d9913eaeb info: BlobSharedKeyAuthenticator:validate() [STRING TO SIGN]:"HEAD\n\n\n\n\n\n\n\n\n\n\n\nx-ms-client-request-id:5deee0b0-3c42-4c44-9bea-18b6a8d51022\nx-ms-date:Tue, 25 Feb 2025 02:20:59 GMT\nx-ms-return-client-request-id:true\nx-ms-version:2023-11-03\n/devstoreaccount1/devstoreaccount1/azure-webjobs-hosts/locks/codespaces62b06d-1527892608/host"
2025-02-25T02:20:59.232Z a2292f3c-7e38-4117-85a4-b08d9913eaeb info: BlobSharedKeyAuthenticator:validate() Calculated authentication header based on key1: SharedKey devstoreaccount1:5BWjHELcplc0XeoxkMHCnd4370GObwE9XoiNUeT9ZV0=
2025-02-25T02:20:59.232Z a2292f3c-7e38-4117-85a4-b08d9913eaeb info: BlobSharedKeyAuthenticator:validate() Signature 1 matched.
2025-02-25T02:20:59.232Z a2292f3c-7e38-4117-85a4-b08d9913eaeb verbose: DeserializerMiddleware: Start deserializing...
2025-02-25T02:20:59.232Z a2292f3c-7e38-4117-85a4-b08d9913eaeb info: HandlerMiddleware: DeserializedParameters={"options":{"requestId":"5deee0b0-3c42-4c44-9bea-18b6a8d51022","leaseAccessConditions":{},"cpkInfo":{},"modifiedAccessConditions":{}},"version":"2023-11-03"}
2025-02-25T02:20:59.232Z a2292f3c-7e38-4117-85a4-b08d9913eaeb verbose: SerializerMiddleware: Start serializing...
2025-02-25T02:20:59.232Z a2292f3c-7e38-4117-85a4-b08d9913eaeb info: EndMiddleware: End response. TotalTimeInMS=2 StatusCode=200 StatusMessage=undefined Headers={"server":"Azurite-Blob/3.33.0","last-modified":"Tue, 25 Feb 2025 02:20:59 GMT","x-ms-creation-time":"Tue, 25 Feb 2025 02:20:59 GMT","x-ms-blob-type":"BlockBlob","x-ms-lease-duration":"fixed","x-ms-lease-state":"leased","x-ms-lease-status":"locked","content-length":"0","content-type":"application/octet-stream","etag":"\"0x1D7E14FA8134B20\"","content-md5":"1B2M2Y8AsgTpgAmY7PhCfg==","x-ms-client-request-id":"5deee0b0-3c42-4c44-9bea-18b6a8d51022","x-ms-request-id":"a2292f3c-7e38-4117-85a4-b08d9913eaeb","x-ms-version":"2025-01-05","date":"Tue, 25 Feb 2025 02:20:59 GMT","accept-ranges":"bytes","x-ms-server-encrypted":"true","x-ms-access-tier":"Hot","x-ms-access-tier-inferred":"true","x-ms-access-tier-change-time":"Tue, 25 Feb 2025 02:20:59 GMT"}
2025-02-25T02:20:59.242Z d5d5f4e2-7b02-41de-afcd-561d4ac37f08 info: BlobStorageContextMiddleware: RequestMethod=PUT RequestURL=http://127.0.0.1/devstoreaccount1/azure-webjobs-hosts/locks/codespaces62b06d-1527892608/host?comp=metadata RequestHeaders:{"host":"127.0.0.1:10000","x-ms-meta-functioninstance":"000000000000000000000000199719D4","x-ms-lease-id":"000000000000000000000000199719D4","x-ms-version":"2023-11-03","accept":"application/xml","x-ms-client-request-id":"314fb88e-f3ce-46f2-82a7-dcc9ca9cd3f2","x-ms-return-client-request-id":"true","user-agent":"azsdk-net-Storage.Blobs/12.19.1 (.NET 8.0.11; Ubuntu 20.04.6 LTS)","x-ms-date":"Tue, 25 Feb 2025 02:20:59 GMT","authorization":"SharedKey devstoreaccount1:W3fEJVpw+AFNuMigtePYQmv3gupIJwKXNeKX6wbFqR4=","content-length":"0"} ClientIP=127.0.0.1 Protocol=http HTTPVersion=1.1
2025-02-25T02:20:59.243Z d5d5f4e2-7b02-41de-afcd-561d4ac37f08 info: BlobStorageContextMiddleware: Account=devstoreaccount1 Container=azure-webjobs-hosts Blob=locks/codespaces62b06d-1527892608/host
2025-02-25T02:20:59.243Z d5d5f4e2-7b02-41de-afcd-561d4ac37f08 verbose: DispatchMiddleware: Dispatching request...
2025-02-25T02:20:59.244Z d5d5f4e2-7b02-41de-afcd-561d4ac37f08 info: DispatchMiddleware: Operation=Blob_SetMetadata
2025-02-25T02:20:59.244Z d5d5f4e2-7b02-41de-afcd-561d4ac37f08 verbose: AuthenticationMiddlewareFactory:createAuthenticationMiddleware() Validating authentications.
2025-02-25T02:20:59.244Z d5d5f4e2-7b02-41de-afcd-561d4ac37f08 info: PublicAccessAuthenticator:validate() Start validation against public access.
2025-02-25T02:20:59.244Z d5d5f4e2-7b02-41de-afcd-561d4ac37f08 debug: PublicAccessAuthenticator:validate() Getting account properties...
2025-02-25T02:20:59.244Z d5d5f4e2-7b02-41de-afcd-561d4ac37f08 debug: PublicAccessAuthenticator:validate() Retrieved account name from context: devstoreaccount1, container: azure-webjobs-hosts, blob: locks/codespaces62b06d-1527892608/host
2025-02-25T02:20:59.245Z d5d5f4e2-7b02-41de-afcd-561d4ac37f08 debug: PublicAccessAuthenticator:validate() Skip public access authentication. Cannot get public access type for container azure-webjobs-hosts
2025-02-25T02:20:59.245Z d5d5f4e2-7b02-41de-afcd-561d4ac37f08 info: BlobSharedKeyAuthenticator:validate() Start validation against account shared key authentication.
2025-02-25T02:20:59.245Z d5d5f4e2-7b02-41de-afcd-561d4ac37f08 info: BlobSharedKeyAuthenticator:validate() [STRING TO SIGN]:"PUT\n\n\n\n\n\n\n\n\n\n\n\nx-ms-client-request-id:314fb88e-f3ce-46f2-82a7-dcc9ca9cd3f2\nx-ms-date:Tue, 25 Feb 2025 02:20:59 GMT\nx-ms-lease-id:000000000000000000000000199719D4\nx-ms-meta-functioninstance:000000000000000000000000199719D4\nx-ms-return-client-request-id:true\nx-ms-version:2023-11-03\n/devstoreaccount1/devstoreaccount1/azure-webjobs-hosts/locks/codespaces62b06d-1527892608/host\ncomp:metadata"
2025-02-25T02:20:59.245Z d5d5f4e2-7b02-41de-afcd-561d4ac37f08 info: BlobSharedKeyAuthenticator:validate() Calculated authentication header based on key1: SharedKey devstoreaccount1:W3fEJVpw+AFNuMigtePYQmv3gupIJwKXNeKX6wbFqR4=
2025-02-25T02:20:59.245Z d5d5f4e2-7b02-41de-afcd-561d4ac37f08 info: BlobSharedKeyAuthenticator:validate() Signature 1 matched.
2025-02-25T02:20:59.245Z d5d5f4e2-7b02-41de-afcd-561d4ac37f08 verbose: DeserializerMiddleware: Start deserializing...
2025-02-25T02:20:59.245Z d5d5f4e2-7b02-41de-afcd-561d4ac37f08 info: HandlerMiddleware: DeserializedParameters={"options":{"metadata":{"functioninstance":"000000000000000000000000199719D4"},"requestId":"314fb88e-f3ce-46f2-82a7-dcc9ca9cd3f2","leaseAccessConditions":{"leaseId":"000000000000000000000000199719D4"},"cpkInfo":{},"cpkScopeInfo":{},"modifiedAccessConditions":{}},"comp":"metadata","version":"2023-11-03"}
2025-02-25T02:20:59.245Z d5d5f4e2-7b02-41de-afcd-561d4ac37f08 verbose: SerializerMiddleware: Start serializing...
2025-02-25T02:20:59.246Z d5d5f4e2-7b02-41de-afcd-561d4ac37f08 info: EndMiddleware: End response. TotalTimeInMS=4 StatusCode=200 StatusMessage=undefined Headers={"server":"Azurite-Blob/3.33.0","etag":"\"0x22FE7E777CDCB60\"","last-modified":"Tue, 25 Feb 2025 02:20:59 GMT","x-ms-client-request-id":"314fb88e-f3ce-46f2-82a7-dcc9ca9cd3f2","x-ms-request-id":"d5d5f4e2-7b02-41de-afcd-561d4ac37f08","x-ms-version":"2025-01-05","date":"Tue, 25 Feb 2025 02:20:59 GMT","x-ms-request-server-encrypted":"true"}
2025-02-25T02:20:59.499Z c69b816c-572f-4289-8f03-64d142162d87 info: BlobStorageContextMiddleware: RequestMethod=HEAD RequestURL=http://127.0.0.1/devstoreaccount1/azure-webjobs-hosts/locks/codespaces62b06d-1937432781/host RequestHeaders:{"host":"127.0.0.1:10000","x-ms-version":"2023-11-03","accept":"application/xml","x-ms-client-request-id":"7d1eaf87-e3b2-491a-ac52-81dcf3381478","x-ms-return-client-request-id":"true","user-agent":"azsdk-net-Storage.Blobs/12.19.1 (.NET 8.0.11; Ubuntu 20.04.6 LTS)","x-ms-date":"Tue, 25 Feb 2025 02:20:59 GMT","authorization":"SharedKey devstoreaccount1:NzVm/EClFTG2ZBTBpSSOZ2wPmqRE+o4TNg67odA2Yvo="} ClientIP=127.0.0.1 Protocol=http HTTPVersion=1.1
2025-02-25T02:20:59.499Z c69b816c-572f-4289-8f03-64d142162d87 info: BlobStorageContextMiddleware: Account=devstoreaccount1 Container=azure-webjobs-hosts Blob=locks/codespaces62b06d-1937432781/host
2025-02-25T02:20:59.500Z c69b816c-572f-4289-8f03-64d142162d87 verbose: DispatchMiddleware: Dispatching request...
2025-02-25T02:20:59.500Z c69b816c-572f-4289-8f03-64d142162d87 info: DispatchMiddleware: Operation=Blob_GetProperties
2025-02-25T02:20:59.500Z c69b816c-572f-4289-8f03-64d142162d87 verbose: AuthenticationMiddlewareFactory:createAuthenticationMiddleware() Validating authentications.
2025-02-25T02:20:59.500Z c69b816c-572f-4289-8f03-64d142162d87 info: PublicAccessAuthenticator:validate() Start validation against public access.
2025-02-25T02:20:59.500Z c69b816c-572f-4289-8f03-64d142162d87 debug: PublicAccessAuthenticator:validate() Getting account properties...
2025-02-25T02:20:59.500Z c69b816c-572f-4289-8f03-64d142162d87 debug: PublicAccessAuthenticator:validate() Retrieved account name from context: devstoreaccount1, container: azure-webjobs-hosts, blob: locks/codespaces62b06d-1937432781/host
2025-02-25T02:20:59.500Z c69b816c-572f-4289-8f03-64d142162d87 debug: PublicAccessAuthenticator:validate() Skip public access authentication. Cannot get public access type for container azure-webjobs-hosts
2025-02-25T02:20:59.500Z c69b816c-572f-4289-8f03-64d142162d87 info: BlobSharedKeyAuthenticator:validate() Start validation against account shared key authentication.
2025-02-25T02:20:59.500Z c69b816c-572f-4289-8f03-64d142162d87 info: BlobSharedKeyAuthenticator:validate() [STRING TO SIGN]:"HEAD\n\n\n\n\n\n\n\n\n\n\n\nx-ms-client-request-id:7d1eaf87-e3b2-491a-ac52-81dcf3381478\nx-ms-date:Tue, 25 Feb 2025 02:20:59 GMT\nx-ms-return-client-request-id:true\nx-ms-version:2023-11-03\n/devstoreaccount1/devstoreaccount1/azure-webjobs-hosts/locks/codespaces62b06d-1937432781/host"
2025-02-25T02:20:59.501Z c69b816c-572f-4289-8f03-64d142162d87 info: BlobSharedKeyAuthenticator:validate() Calculated authentication header based on key1: SharedKey devstoreaccount1:NzVm/EClFTG2ZBTBpSSOZ2wPmqRE+o4TNg67odA2Yvo=
2025-02-25T02:20:59.501Z c69b816c-572f-4289-8f03-64d142162d87 info: BlobSharedKeyAuthenticator:validate() Signature 1 matched.
2025-02-25T02:20:59.501Z c69b816c-572f-4289-8f03-64d142162d87 verbose: DeserializerMiddleware: Start deserializing...
2025-02-25T02:20:59.501Z c69b816c-572f-4289-8f03-64d142162d87 info: HandlerMiddleware: DeserializedParameters={"options":{"requestId":"7d1eaf87-e3b2-491a-ac52-81dcf3381478","leaseAccessConditions":{},"cpkInfo":{},"modifiedAccessConditions":{}},"version":"2023-11-03"}
2025-02-25T02:20:59.502Z c69b816c-572f-4289-8f03-64d142162d87 error: ErrorMiddleware: Received a MiddlewareError, fill error information to HTTP response
2025-02-25T02:20:59.502Z c69b816c-572f-4289-8f03-64d142162d87 error: ErrorMiddleware: ErrorName=StorageError ErrorMessage=The specified blob does not exist.  ErrorHTTPStatusCode=404 ErrorHTTPStatusMessage=The specified blob does not exist. ErrorHTTPHeaders={"x-ms-error-code":"BlobNotFound","x-ms-request-id":"c69b816c-572f-4289-8f03-64d142162d87"} ErrorHTTPBody="<?xml version=\"1.0\" encoding=\"UTF-8\" standalone=\"yes\"?>\n<Error>\n  <Code>BlobNotFound</Code>\n  <Message>The specified blob does not exist.\nRequestId:c69b816c-572f-4289-8f03-64d142162d87\nTime:2025-02-25T02:20:59.501Z</Message>\n</Error>" ErrorStack="StorageError: The specified blob does not exist.\n    at StorageErrorFactory.getBlobNotFound (/usr/local/share/nvm/versions/node/v20.18.1/lib/node_modules/azurite/dist/src/blob/errors/StorageErrorFactory.js:29:16)\n    at LokiBlobMetadataStore.getBlobProperties (/usr/local/share/nvm/versions/node/v20.18.1/lib/node_modules/azurite/dist/src/blob/persistence/LokiBlobMetadataStore.js:870:49)\n    at process.processTicksAndRejections (node:internal/process/task_queues:95:5)\n    at async BlobHandler.getProperties (/usr/local/share/nvm/versions/node/v20.18.1/lib/node_modules/azurite/dist/src/blob/handlers/BlobHandler.js:70:21)"
2025-02-25T02:20:59.502Z c69b816c-572f-4289-8f03-64d142162d87 error: ErrorMiddleware: Set HTTP code: 404
2025-02-25T02:20:59.502Z c69b816c-572f-4289-8f03-64d142162d87 error: ErrorMiddleware: Set HTTP status message: The specified blob does not exist.
2025-02-25T02:20:59.502Z c69b816c-572f-4289-8f03-64d142162d87 error: ErrorMiddleware: Set HTTP Header: x-ms-error-code=BlobNotFound
2025-02-25T02:20:59.502Z c69b816c-572f-4289-8f03-64d142162d87 error: ErrorMiddleware: Set HTTP Header: x-ms-request-id=c69b816c-572f-4289-8f03-64d142162d87
2025-02-25T02:20:59.502Z c69b816c-572f-4289-8f03-64d142162d87 error: ErrorMiddleware: Set HTTP body: "<?xml version=\"1.0\" encoding=\"UTF-8\" standalone=\"yes\"?>\n<Error>\n  <Code>BlobNotFound</Code>\n  <Message>The specified blob does not exist.\nRequestId:c69b816c-572f-4289-8f03-64d142162d87\nTime:2025-02-25T02:20:59.501Z</Message>\n</Error>"
2025-02-25T02:20:59.502Z c69b816c-572f-4289-8f03-64d142162d87 info: EndMiddleware: End response. TotalTimeInMS=3 StatusCode=404 StatusMessage=The specified blob does not exist. Headers={"server":"Azurite-Blob/3.33.0","x-ms-error-code":"BlobNotFound","x-ms-request-id":"c69b816c-572f-4289-8f03-64d142162d87"}
2025-02-25T02:20:59.539Z e7ad3c86-d5c3-4bef-9c55-436ebf4e4050 info: BlobStorageContextMiddleware: RequestMethod=PUT RequestURL=http://127.0.0.1/devstoreaccount1/azure-webjobs-hosts/locks/codespaces62b06d-1937432781/host?comp=lease RequestHeaders:{"host":"127.0.0.1:10000","x-ms-lease-action":"acquire","x-ms-version":"2023-11-03","accept":"application/xml","x-ms-lease-duration":"15","x-ms-proposed-lease-id":"000000000000000000000000199719D4","x-ms-client-request-id":"595b1f05-6f65-47b7-a530-52fe6a72f5a6","x-ms-return-client-request-id":"true","user-agent":"azsdk-net-Storage.Blobs/12.19.1 (.NET 8.0.11; Ubuntu 20.04.6 LTS)","x-ms-date":"Tue, 25 Feb 2025 02:20:59 GMT","authorization":"SharedKey devstoreaccount1:niXW0usa5Hs5aSfFRacqeGFvHUFuwBZT9Rym8k1VI3c=","content-length":"0"} ClientIP=127.0.0.1 Protocol=http HTTPVersion=1.1
2025-02-25T02:20:59.539Z e7ad3c86-d5c3-4bef-9c55-436ebf4e4050 info: BlobStorageContextMiddleware: Account=devstoreaccount1 Container=azure-webjobs-hosts Blob=locks/codespaces62b06d-1937432781/host
2025-02-25T02:20:59.539Z e7ad3c86-d5c3-4bef-9c55-436ebf4e4050 verbose: DispatchMiddleware: Dispatching request...
2025-02-25T02:20:59.540Z e7ad3c86-d5c3-4bef-9c55-436ebf4e4050 info: DispatchMiddleware: Operation=Blob_AcquireLease
2025-02-25T02:20:59.541Z e7ad3c86-d5c3-4bef-9c55-436ebf4e4050 verbose: AuthenticationMiddlewareFactory:createAuthenticationMiddleware() Validating authentications.
2025-02-25T02:20:59.541Z e7ad3c86-d5c3-4bef-9c55-436ebf4e4050 info: PublicAccessAuthenticator:validate() Start validation against public access.
2025-02-25T02:20:59.541Z e7ad3c86-d5c3-4bef-9c55-436ebf4e4050 debug: PublicAccessAuthenticator:validate() Getting account properties...
2025-02-25T02:20:59.541Z e7ad3c86-d5c3-4bef-9c55-436ebf4e4050 debug: PublicAccessAuthenticator:validate() Retrieved account name from context: devstoreaccount1, container: azure-webjobs-hosts, blob: locks/codespaces62b06d-1937432781/host
2025-02-25T02:20:59.541Z e7ad3c86-d5c3-4bef-9c55-436ebf4e4050 debug: PublicAccessAuthenticator:validate() Skip public access authentication. Cannot get public access type for container azure-webjobs-hosts
2025-02-25T02:20:59.541Z e7ad3c86-d5c3-4bef-9c55-436ebf4e4050 info: BlobSharedKeyAuthenticator:validate() Start validation against account shared key authentication.
2025-02-25T02:20:59.541Z e7ad3c86-d5c3-4bef-9c55-436ebf4e4050 info: BlobSharedKeyAuthenticator:validate() [STRING TO SIGN]:"PUT\n\n\n\n\n\n\n\n\n\n\n\nx-ms-client-request-id:595b1f05-6f65-47b7-a530-52fe6a72f5a6\nx-ms-date:Tue, 25 Feb 2025 02:20:59 GMT\nx-ms-lease-action:acquire\nx-ms-lease-duration:15\nx-ms-proposed-lease-id:000000000000000000000000199719D4\nx-ms-return-client-request-id:true\nx-ms-version:2023-11-03\n/devstoreaccount1/devstoreaccount1/azure-webjobs-hosts/locks/codespaces62b06d-1937432781/host\ncomp:lease"
2025-02-25T02:20:59.541Z e7ad3c86-d5c3-4bef-9c55-436ebf4e4050 info: BlobSharedKeyAuthenticator:validate() Calculated authentication header based on key1: SharedKey devstoreaccount1:niXW0usa5Hs5aSfFRacqeGFvHUFuwBZT9Rym8k1VI3c=
2025-02-25T02:20:59.541Z e7ad3c86-d5c3-4bef-9c55-436ebf4e4050 info: BlobSharedKeyAuthenticator:validate() Signature 1 matched.
2025-02-25T02:20:59.541Z e7ad3c86-d5c3-4bef-9c55-436ebf4e4050 verbose: DeserializerMiddleware: Start deserializing...
2025-02-25T02:20:59.542Z e7ad3c86-d5c3-4bef-9c55-436ebf4e4050 info: HandlerMiddleware: DeserializedParameters={"options":{"duration":15,"proposedLeaseId":"000000000000000000000000199719D4","requestId":"595b1f05-6f65-47b7-a530-52fe6a72f5a6","modifiedAccessConditions":{}},"comp":"lease","version":"2023-11-03","action":"acquire"}
2025-02-25T02:20:59.543Z e7ad3c86-d5c3-4bef-9c55-436ebf4e4050 error: ErrorMiddleware: Received a MiddlewareError, fill error information to HTTP response
2025-02-25T02:20:59.544Z e7ad3c86-d5c3-4bef-9c55-436ebf4e4050 error: ErrorMiddleware: ErrorName=StorageError ErrorMessage=The specified blob does not exist.  ErrorHTTPStatusCode=404 ErrorHTTPStatusMessage=The specified blob does not exist. ErrorHTTPHeaders={"x-ms-error-code":"BlobNotFound","x-ms-request-id":"e7ad3c86-d5c3-4bef-9c55-436ebf4e4050"} ErrorHTTPBody="<?xml version=\"1.0\" encoding=\"UTF-8\" standalone=\"yes\"?>\n<Error>\n  <Code>BlobNotFound</Code>\n  <Message>The specified blob does not exist.\nRequestId:e7ad3c86-d5c3-4bef-9c55-436ebf4e4050\nTime:2025-02-25T02:20:59.542Z</Message>\n</Error>" ErrorStack="StorageError: The specified blob does not exist.\n    at StorageErrorFactory.getBlobNotFound (/usr/local/share/nvm/versions/node/v20.18.1/lib/node_modules/azurite/dist/src/blob/errors/StorageErrorFactory.js:29:16)\n    at LokiBlobMetadataStore.acquireBlobLease (/usr/local/share/nvm/versions/node/v20.18.1/lib/node_modules/azurite/dist/src/blob/persistence/LokiBlobMetadataStore.js:1048:49)\n    at process.processTicksAndRejections (node:internal/process/task_queues:95:5)\n    at async BlobHandler.acquireLease (/usr/local/share/nvm/versions/node/v20.18.1/lib/node_modules/azurite/dist/src/blob/handlers/BlobHandler.js:239:21)"
2025-02-25T02:20:59.544Z e7ad3c86-d5c3-4bef-9c55-436ebf4e4050 error: ErrorMiddleware: Set HTTP code: 404
2025-02-25T02:20:59.544Z e7ad3c86-d5c3-4bef-9c55-436ebf4e4050 error: ErrorMiddleware: Set HTTP status message: The specified blob does not exist.
2025-02-25T02:20:59.544Z e7ad3c86-d5c3-4bef-9c55-436ebf4e4050 error: ErrorMiddleware: Set HTTP Header: x-ms-error-code=BlobNotFound
2025-02-25T02:20:59.544Z e7ad3c86-d5c3-4bef-9c55-436ebf4e4050 error: ErrorMiddleware: Set HTTP Header: x-ms-request-id=e7ad3c86-d5c3-4bef-9c55-436ebf4e4050
2025-02-25T02:20:59.545Z e7ad3c86-d5c3-4bef-9c55-436ebf4e4050 error: ErrorMiddleware: Set content type: application/xml
2025-02-25T02:20:59.545Z e7ad3c86-d5c3-4bef-9c55-436ebf4e4050 error: ErrorMiddleware: Set HTTP body: "<?xml version=\"1.0\" encoding=\"UTF-8\" standalone=\"yes\"?>\n<Error>\n  <Code>BlobNotFound</Code>\n  <Message>The specified blob does not exist.\nRequestId:e7ad3c86-d5c3-4bef-9c55-436ebf4e4050\nTime:2025-02-25T02:20:59.542Z</Message>\n</Error>"
2025-02-25T02:20:59.545Z e7ad3c86-d5c3-4bef-9c55-436ebf4e4050 info: EndMiddleware: End response. TotalTimeInMS=6 StatusCode=404 StatusMessage=The specified blob does not exist. Headers={"server":"Azurite-Blob/3.33.0","x-ms-error-code":"BlobNotFound","x-ms-request-id":"e7ad3c86-d5c3-4bef-9c55-436ebf4e4050","content-type":"application/xml"}
2025-02-25T02:20:59.572Z ec1b28b9-6528-4746-8e5b-0ab28299fbe1 info: BlobStorageContextMiddleware: RequestMethod=PUT RequestURL=http://127.0.0.1/devstoreaccount1/azure-webjobs-hosts/locks/codespaces62b06d-1937432781/host RequestHeaders:{"host":"127.0.0.1:10000","x-ms-blob-type":"BlockBlob","if-none-match":"*","x-ms-version":"2023-11-03","accept":"application/xml","x-ms-client-request-id":"969568ff-152e-432c-b41c-b83eb025ef7b","x-ms-return-client-request-id":"true","user-agent":"azsdk-net-Storage.Blobs/12.19.1 (.NET 8.0.11; Ubuntu 20.04.6 LTS)","x-ms-date":"Tue, 25 Feb 2025 02:20:59 GMT","authorization":"SharedKey devstoreaccount1:vyLsCPlNQGwYkwnqKK2aGhQcfK9i7orzNIYmP7OU1ds=","content-length":"0","content-type":"application/octet-stream"} ClientIP=127.0.0.1 Protocol=http HTTPVersion=1.1
2025-02-25T02:20:59.572Z ec1b28b9-6528-4746-8e5b-0ab28299fbe1 info: BlobStorageContextMiddleware: Account=devstoreaccount1 Container=azure-webjobs-hosts Blob=locks/codespaces62b06d-1937432781/host
2025-02-25T02:20:59.572Z ec1b28b9-6528-4746-8e5b-0ab28299fbe1 verbose: DispatchMiddleware: Dispatching request...
2025-02-25T02:20:59.573Z ec1b28b9-6528-4746-8e5b-0ab28299fbe1 info: DispatchMiddleware: Operation=BlockBlob_Upload
2025-02-25T02:20:59.573Z ec1b28b9-6528-4746-8e5b-0ab28299fbe1 verbose: AuthenticationMiddlewareFactory:createAuthenticationMiddleware() Validating authentications.
2025-02-25T02:20:59.573Z ec1b28b9-6528-4746-8e5b-0ab28299fbe1 info: PublicAccessAuthenticator:validate() Start validation against public access.
2025-02-25T02:20:59.573Z ec1b28b9-6528-4746-8e5b-0ab28299fbe1 debug: PublicAccessAuthenticator:validate() Getting account properties...
2025-02-25T02:20:59.573Z ec1b28b9-6528-4746-8e5b-0ab28299fbe1 debug: PublicAccessAuthenticator:validate() Retrieved account name from context: devstoreaccount1, container: azure-webjobs-hosts, blob: locks/codespaces62b06d-1937432781/host
2025-02-25T02:20:59.574Z ec1b28b9-6528-4746-8e5b-0ab28299fbe1 debug: PublicAccessAuthenticator:validate() Skip public access authentication. Cannot get public access type for container azure-webjobs-hosts
2025-02-25T02:20:59.574Z ec1b28b9-6528-4746-8e5b-0ab28299fbe1 info: BlobSharedKeyAuthenticator:validate() Start validation against account shared key authentication.
2025-02-25T02:20:59.574Z ec1b28b9-6528-4746-8e5b-0ab28299fbe1 info: BlobSharedKeyAuthenticator:validate() [STRING TO SIGN]:"PUT\n\n\n\n\napplication/octet-stream\n\n\n\n*\n\n\nx-ms-blob-type:BlockBlob\nx-ms-client-request-id:969568ff-152e-432c-b41c-b83eb025ef7b\nx-ms-date:Tue, 25 Feb 2025 02:20:59 GMT\nx-ms-return-client-request-id:true\nx-ms-version:2023-11-03\n/devstoreaccount1/devstoreaccount1/azure-webjobs-hosts/locks/codespaces62b06d-1937432781/host"
2025-02-25T02:20:59.574Z ec1b28b9-6528-4746-8e5b-0ab28299fbe1 info: BlobSharedKeyAuthenticator:validate() Calculated authentication header based on key1: SharedKey devstoreaccount1:vyLsCPlNQGwYkwnqKK2aGhQcfK9i7orzNIYmP7OU1ds=
2025-02-25T02:20:59.574Z ec1b28b9-6528-4746-8e5b-0ab28299fbe1 info: BlobSharedKeyAuthenticator:validate() Signature 1 matched.
2025-02-25T02:20:59.574Z ec1b28b9-6528-4746-8e5b-0ab28299fbe1 verbose: DeserializerMiddleware: Start deserializing...
2025-02-25T02:20:59.574Z ec1b28b9-6528-4746-8e5b-0ab28299fbe1 info: HandlerMiddleware: DeserializedParameters={"options":{"metadata":{},"requestId":"969568ff-152e-432c-b41c-b83eb025ef7b","blobHTTPHeaders":{},"leaseAccessConditions":{},"cpkInfo":{},"cpkScopeInfo":{},"modifiedAccessConditions":{"ifNoneMatch":"*"}},"contentLength":0,"version":"2023-11-03","blobType":"BlockBlob","body":"ReadableStream"}
2025-02-25T02:20:59.574Z ec1b28b9-6528-4746-8e5b-0ab28299fbe1 debug: OperationQueue.operate() Schedule incoming job aec9135c-d700-49be-a8c4-8d96719b10ab
2025-02-25T02:20:59.574Z ec1b28b9-6528-4746-8e5b-0ab28299fbe1 debug: OperationQueue:execute() Current runningConcurrency:0 maxConcurrency:50 operations.length:1
2025-02-25T02:20:59.574Z ec1b28b9-6528-4746-8e5b-0ab28299fbe1 info: FSExtentStore:appendExtent() Select extent from idle location for extent append operation. LocationId:1 extentId:9930b9ab-2bdc-4a6d-a678-0da94502ffbc offset:0 MAX_EXTENT_SIZE:67108864 
2025-02-25T02:20:59.574Z ec1b28b9-6528-4746-8e5b-0ab28299fbe1 debug: FSExtentStore:appendExtent() Get fd:29 for extent:9930b9ab-2bdc-4a6d-a678-0da94502ffbc from cache.
2025-02-25T02:20:59.575Z ec1b28b9-6528-4746-8e5b-0ab28299fbe1 debug: FSExtentStore:appendExtent() Created write stream for fd:29
2025-02-25T02:20:59.575Z ec1b28b9-6528-4746-8e5b-0ab28299fbe1 debug: FSExtentStore:appendExtent() Start writing to extent 9930b9ab-2bdc-4a6d-a678-0da94502ffbc
2025-02-25T02:20:59.575Z ec1b28b9-6528-4746-8e5b-0ab28299fbe1 debug: FSExtentStore:streamPipe() Start piping data to write stream
2025-02-25T02:20:59.575Z ec1b28b9-6528-4746-8e5b-0ab28299fbe1 debug: FSExtentStore:streamPipe() Readable stream triggers close event, 0 bytes piped
2025-02-25T02:20:59.575Z ec1b28b9-6528-4746-8e5b-0ab28299fbe1 debug: FSExtentStore:streamPipe() Invoke write stream end()
2025-02-25T02:20:59.575Z ec1b28b9-6528-4746-8e5b-0ab28299fbe1 debug: FSExtentStore:streamPipe() Writable stream triggers finish event, after 0 bytes piped. Flush data to fd:29.
2025-02-25T02:20:59.576Z ec1b28b9-6528-4746-8e5b-0ab28299fbe1 debug: FSExtentStore:streamPipe() Readable stream triggers close event, 0 bytes piped
2025-02-25T02:20:59.576Z ec1b28b9-6528-4746-8e5b-0ab28299fbe1 debug: FSExtentStore:streamPipe() Flush data to fd:29 successfully. Resolve streamPipe().
2025-02-25T02:20:59.576Z ec1b28b9-6528-4746-8e5b-0ab28299fbe1 debug: FSExtentStore:appendExtent() Write finish, start updating extent metadata. extent:{"id":"9930b9ab-2bdc-4a6d-a678-0da94502ffbc","locationId":"Default","path":"9930b9ab-2bdc-4a6d-a678-0da94502ffbc","size":0,"lastModifiedInMS":1740450059576}
2025-02-25T02:20:59.576Z ec1b28b9-6528-4746-8e5b-0ab28299fbe1 debug: FSExtentStore:appendExtent() Update extent metadata done. Resolve()
2025-02-25T02:20:59.576Z ec1b28b9-6528-4746-8e5b-0ab28299fbe1 debug: OperationQueue.operate() Job aec9135c-d700-49be-a8c4-8d96719b10ab completes callback, resolve.
2025-02-25T02:20:59.576Z ec1b28b9-6528-4746-8e5b-0ab28299fbe1 debug: OperationQueue:execute() Current runningConcurrency:0 maxConcurrency:50 operations.length:0
2025-02-25T02:20:59.576Z ec1b28b9-6528-4746-8e5b-0ab28299fbe1 debug: OperationQueue:execute() return. Operation.length === 0
2025-02-25T02:20:59.577Z ec1b28b9-6528-4746-8e5b-0ab28299fbe1 verbose: SerializerMiddleware: Start serializing...
2025-02-25T02:20:59.577Z ec1b28b9-6528-4746-8e5b-0ab28299fbe1 info: EndMiddleware: End response. TotalTimeInMS=5 StatusCode=201 StatusMessage=undefined Headers={"server":"Azurite-Blob/3.33.0","etag":"\"0x1BB7AE9C7510AE0\"","last-modified":"Tue, 25 Feb 2025 02:20:59 GMT","content-md5":"1B2M2Y8AsgTpgAmY7PhCfg==","x-ms-client-request-id":"969568ff-152e-432c-b41c-b83eb025ef7b","x-ms-request-id":"ec1b28b9-6528-4746-8e5b-0ab28299fbe1","x-ms-version":"2025-01-05","date":"Tue, 25 Feb 2025 02:20:59 GMT","x-ms-request-server-encrypted":"true"}
2025-02-25T02:20:59.582Z 9845065c-efe0-4934-abd7-4766f30c7c87 info: BlobStorageContextMiddleware: RequestMethod=PUT RequestURL=http://127.0.0.1/devstoreaccount1/azure-webjobs-hosts/locks/codespaces62b06d-1937432781/host?comp=lease RequestHeaders:{"host":"127.0.0.1:10000","x-ms-lease-action":"acquire","x-ms-version":"2023-11-03","accept":"application/xml","x-ms-lease-duration":"15","x-ms-proposed-lease-id":"000000000000000000000000199719D4","x-ms-client-request-id":"89318859-36fa-4ee0-8b14-55f9247a9b4f","x-ms-return-client-request-id":"true","user-agent":"azsdk-net-Storage.Blobs/12.19.1 (.NET 8.0.11; Ubuntu 20.04.6 LTS)","x-ms-date":"Tue, 25 Feb 2025 02:20:59 GMT","authorization":"SharedKey devstoreaccount1:LBU616AwjT3e/uFbJj1Lavpp2TmwXjNqjJ3hHscIz0g=","content-length":"0"} ClientIP=127.0.0.1 Protocol=http HTTPVersion=1.1
2025-02-25T02:20:59.583Z 9845065c-efe0-4934-abd7-4766f30c7c87 info: BlobStorageContextMiddleware: Account=devstoreaccount1 Container=azure-webjobs-hosts Blob=locks/codespaces62b06d-1937432781/host
2025-02-25T02:20:59.583Z 9845065c-efe0-4934-abd7-4766f30c7c87 verbose: DispatchMiddleware: Dispatching request...
2025-02-25T02:20:59.584Z 9845065c-efe0-4934-abd7-4766f30c7c87 info: DispatchMiddleware: Operation=Blob_AcquireLease
2025-02-25T02:20:59.584Z 9845065c-efe0-4934-abd7-4766f30c7c87 verbose: AuthenticationMiddlewareFactory:createAuthenticationMiddleware() Validating authentications.
2025-02-25T02:20:59.584Z 9845065c-efe0-4934-abd7-4766f30c7c87 info: PublicAccessAuthenticator:validate() Start validation against public access.
2025-02-25T02:20:59.584Z 9845065c-efe0-4934-abd7-4766f30c7c87 debug: PublicAccessAuthenticator:validate() Getting account properties...
2025-02-25T02:20:59.584Z 9845065c-efe0-4934-abd7-4766f30c7c87 debug: PublicAccessAuthenticator:validate() Retrieved account name from context: devstoreaccount1, container: azure-webjobs-hosts, blob: locks/codespaces62b06d-1937432781/host
2025-02-25T02:20:59.585Z 9845065c-efe0-4934-abd7-4766f30c7c87 debug: PublicAccessAuthenticator:validate() Skip public access authentication. Cannot get public access type for container azure-webjobs-hosts
2025-02-25T02:20:59.585Z 9845065c-efe0-4934-abd7-4766f30c7c87 info: BlobSharedKeyAuthenticator:validate() Start validation against account shared key authentication.
2025-02-25T02:20:59.585Z 9845065c-efe0-4934-abd7-4766f30c7c87 info: BlobSharedKeyAuthenticator:validate() [STRING TO SIGN]:"PUT\n\n\n\n\n\n\n\n\n\n\n\nx-ms-client-request-id:89318859-36fa-4ee0-8b14-55f9247a9b4f\nx-ms-date:Tue, 25 Feb 2025 02:20:59 GMT\nx-ms-lease-action:acquire\nx-ms-lease-duration:15\nx-ms-proposed-lease-id:000000000000000000000000199719D4\nx-ms-return-client-request-id:true\nx-ms-version:2023-11-03\n/devstoreaccount1/devstoreaccount1/azure-webjobs-hosts/locks/codespaces62b06d-1937432781/host\ncomp:lease"
2025-02-25T02:20:59.585Z 9845065c-efe0-4934-abd7-4766f30c7c87 info: BlobSharedKeyAuthenticator:validate() Calculated authentication header based on key1: SharedKey devstoreaccount1:LBU616AwjT3e/uFbJj1Lavpp2TmwXjNqjJ3hHscIz0g=
2025-02-25T02:20:59.585Z 9845065c-efe0-4934-abd7-4766f30c7c87 info: BlobSharedKeyAuthenticator:validate() Signature 1 matched.
2025-02-25T02:20:59.585Z 9845065c-efe0-4934-abd7-4766f30c7c87 verbose: DeserializerMiddleware: Start deserializing...
2025-02-25T02:20:59.585Z 9845065c-efe0-4934-abd7-4766f30c7c87 info: HandlerMiddleware: DeserializedParameters={"options":{"duration":15,"proposedLeaseId":"000000000000000000000000199719D4","requestId":"89318859-36fa-4ee0-8b14-55f9247a9b4f","modifiedAccessConditions":{}},"comp":"lease","version":"2023-11-03","action":"acquire"}
2025-02-25T02:20:59.585Z 9845065c-efe0-4934-abd7-4766f30c7c87 verbose: SerializerMiddleware: Start serializing...
2025-02-25T02:20:59.587Z 9845065c-efe0-4934-abd7-4766f30c7c87 info: EndMiddleware: End response. TotalTimeInMS=5 StatusCode=201 StatusMessage=undefined Headers={"server":"Azurite-Blob/3.33.0","etag":"\"0x1BB7AE9C7510AE0\"","last-modified":"Tue, 25 Feb 2025 02:20:59 GMT","x-ms-lease-id":"000000000000000000000000199719D4","x-ms-client-request-id":"89318859-36fa-4ee0-8b14-55f9247a9b4f","x-ms-request-id":"9845065c-efe0-4934-abd7-4766f30c7c87","x-ms-version":"2025-01-05","date":"Tue, 25 Feb 2025 02:20:59 GMT"}
2025-02-25T02:20:59.591Z 65f4078e-587f-43ca-98cd-ea057d123c76 info: BlobStorageContextMiddleware: RequestMethod=HEAD RequestURL=http://127.0.0.1/devstoreaccount1/azure-webjobs-hosts/locks/codespaces62b06d-1937432781/host RequestHeaders:{"host":"127.0.0.1:10000","x-ms-version":"2023-11-03","accept":"application/xml","x-ms-client-request-id":"cdf8f7a0-9b3d-463b-97fe-ec451f9c5fe7","x-ms-return-client-request-id":"true","user-agent":"azsdk-net-Storage.Blobs/12.19.1 (.NET 8.0.11; Ubuntu 20.04.6 LTS)","x-ms-date":"Tue, 25 Feb 2025 02:20:59 GMT","authorization":"SharedKey devstoreaccount1:C55FQ9+RitaARc3mSOYJIKXTp/bwqS8XXbncoIkqApk="} ClientIP=127.0.0.1 Protocol=http HTTPVersion=1.1
2025-02-25T02:20:59.591Z 65f4078e-587f-43ca-98cd-ea057d123c76 info: BlobStorageContextMiddleware: Account=devstoreaccount1 Container=azure-webjobs-hosts Blob=locks/codespaces62b06d-1937432781/host
2025-02-25T02:20:59.592Z 65f4078e-587f-43ca-98cd-ea057d123c76 verbose: DispatchMiddleware: Dispatching request...
2025-02-25T02:20:59.592Z 65f4078e-587f-43ca-98cd-ea057d123c76 info: DispatchMiddleware: Operation=Blob_GetProperties
2025-02-25T02:20:59.592Z 65f4078e-587f-43ca-98cd-ea057d123c76 verbose: AuthenticationMiddlewareFactory:createAuthenticationMiddleware() Validating authentications.
2025-02-25T02:20:59.592Z 65f4078e-587f-43ca-98cd-ea057d123c76 info: PublicAccessAuthenticator:validate() Start validation against public access.
2025-02-25T02:20:59.592Z 65f4078e-587f-43ca-98cd-ea057d123c76 debug: PublicAccessAuthenticator:validate() Getting account properties...
2025-02-25T02:20:59.592Z 65f4078e-587f-43ca-98cd-ea057d123c76 debug: PublicAccessAuthenticator:validate() Retrieved account name from context: devstoreaccount1, container: azure-webjobs-hosts, blob: locks/codespaces62b06d-1937432781/host
2025-02-25T02:20:59.592Z 65f4078e-587f-43ca-98cd-ea057d123c76 debug: PublicAccessAuthenticator:validate() Skip public access authentication. Cannot get public access type for container azure-webjobs-hosts
2025-02-25T02:20:59.592Z 65f4078e-587f-43ca-98cd-ea057d123c76 info: BlobSharedKeyAuthenticator:validate() Start validation against account shared key authentication.
2025-02-25T02:20:59.592Z 65f4078e-587f-43ca-98cd-ea057d123c76 info: BlobSharedKeyAuthenticator:validate() [STRING TO SIGN]:"HEAD\n\n\n\n\n\n\n\n\n\n\n\nx-ms-client-request-id:cdf8f7a0-9b3d-463b-97fe-ec451f9c5fe7\nx-ms-date:Tue, 25 Feb 2025 02:20:59 GMT\nx-ms-return-client-request-id:true\nx-ms-version:2023-11-03\n/devstoreaccount1/devstoreaccount1/azure-webjobs-hosts/locks/codespaces62b06d-1937432781/host"
2025-02-25T02:20:59.592Z 65f4078e-587f-43ca-98cd-ea057d123c76 info: BlobSharedKeyAuthenticator:validate() Calculated authentication header based on key1: SharedKey devstoreaccount1:C55FQ9+RitaARc3mSOYJIKXTp/bwqS8XXbncoIkqApk=
2025-02-25T02:20:59.592Z 65f4078e-587f-43ca-98cd-ea057d123c76 info: BlobSharedKeyAuthenticator:validate() Signature 1 matched.
2025-02-25T02:20:59.593Z 65f4078e-587f-43ca-98cd-ea057d123c76 verbose: DeserializerMiddleware: Start deserializing...
2025-02-25T02:20:59.593Z 65f4078e-587f-43ca-98cd-ea057d123c76 info: HandlerMiddleware: DeserializedParameters={"options":{"requestId":"cdf8f7a0-9b3d-463b-97fe-ec451f9c5fe7","leaseAccessConditions":{},"cpkInfo":{},"modifiedAccessConditions":{}},"version":"2023-11-03"}
2025-02-25T02:20:59.593Z 65f4078e-587f-43ca-98cd-ea057d123c76 verbose: SerializerMiddleware: Start serializing...
2025-02-25T02:20:59.593Z 65f4078e-587f-43ca-98cd-ea057d123c76 info: EndMiddleware: End response. TotalTimeInMS=2 StatusCode=200 StatusMessage=undefined Headers={"server":"Azurite-Blob/3.33.0","last-modified":"Tue, 25 Feb 2025 02:20:59 GMT","x-ms-creation-time":"Tue, 25 Feb 2025 02:20:59 GMT","x-ms-blob-type":"BlockBlob","x-ms-lease-duration":"fixed","x-ms-lease-state":"leased","x-ms-lease-status":"locked","content-length":"0","content-type":"application/octet-stream","etag":"\"0x1BB7AE9C7510AE0\"","content-md5":"1B2M2Y8AsgTpgAmY7PhCfg==","x-ms-client-request-id":"cdf8f7a0-9b3d-463b-97fe-ec451f9c5fe7","x-ms-request-id":"65f4078e-587f-43ca-98cd-ea057d123c76","x-ms-version":"2025-01-05","date":"Tue, 25 Feb 2025 02:20:59 GMT","accept-ranges":"bytes","x-ms-server-encrypted":"true","x-ms-access-tier":"Hot","x-ms-access-tier-inferred":"true","x-ms-access-tier-change-time":"Tue, 25 Feb 2025 02:20:59 GMT"}
2025-02-25T02:20:59.607Z 0b684ca3-9291-407a-971d-c554966df98a info: BlobStorageContextMiddleware: RequestMethod=PUT RequestURL=http://127.0.0.1/devstoreaccount1/azure-webjobs-hosts/locks/codespaces62b06d-1937432781/host?comp=metadata RequestHeaders:{"host":"127.0.0.1:10000","x-ms-meta-functioninstance":"000000000000000000000000199719D4","x-ms-lease-id":"000000000000000000000000199719D4","x-ms-version":"2023-11-03","accept":"application/xml","x-ms-client-request-id":"32df0f8a-ebe2-4123-a234-c2d15424650a","x-ms-return-client-request-id":"true","user-agent":"azsdk-net-Storage.Blobs/12.19.1 (.NET 8.0.11; Ubuntu 20.04.6 LTS)","x-ms-date":"Tue, 25 Feb 2025 02:20:59 GMT","authorization":"SharedKey devstoreaccount1:F10gNW2CABvRiGfK0REoKovjDAa5wgDfDyXpHD3bhGY=","content-length":"0"} ClientIP=127.0.0.1 Protocol=http HTTPVersion=1.1
2025-02-25T02:20:59.607Z 0b684ca3-9291-407a-971d-c554966df98a info: BlobStorageContextMiddleware: Account=devstoreaccount1 Container=azure-webjobs-hosts Blob=locks/codespaces62b06d-1937432781/host
2025-02-25T02:20:59.607Z 0b684ca3-9291-407a-971d-c554966df98a verbose: DispatchMiddleware: Dispatching request...
2025-02-25T02:20:59.608Z 0b684ca3-9291-407a-971d-c554966df98a info: DispatchMiddleware: Operation=Blob_SetMetadata
2025-02-25T02:20:59.608Z 0b684ca3-9291-407a-971d-c554966df98a verbose: AuthenticationMiddlewareFactory:createAuthenticationMiddleware() Validating authentications.
2025-02-25T02:20:59.608Z 0b684ca3-9291-407a-971d-c554966df98a info: PublicAccessAuthenticator:validate() Start validation against public access.
2025-02-25T02:20:59.608Z 0b684ca3-9291-407a-971d-c554966df98a debug: PublicAccessAuthenticator:validate() Getting account properties...
2025-02-25T02:20:59.608Z 0b684ca3-9291-407a-971d-c554966df98a debug: PublicAccessAuthenticator:validate() Retrieved account name from context: devstoreaccount1, container: azure-webjobs-hosts, blob: locks/codespaces62b06d-1937432781/host
2025-02-25T02:20:59.608Z 0b684ca3-9291-407a-971d-c554966df98a debug: PublicAccessAuthenticator:validate() Skip public access authentication. Cannot get public access type for container azure-webjobs-hosts
2025-02-25T02:20:59.608Z 0b684ca3-9291-407a-971d-c554966df98a info: BlobSharedKeyAuthenticator:validate() Start validation against account shared key authentication.
2025-02-25T02:20:59.608Z 0b684ca3-9291-407a-971d-c554966df98a info: BlobSharedKeyAuthenticator:validate() [STRING TO SIGN]:"PUT\n\n\n\n\n\n\n\n\n\n\n\nx-ms-client-request-id:32df0f8a-ebe2-4123-a234-c2d15424650a\nx-ms-date:Tue, 25 Feb 2025 02:20:59 GMT\nx-ms-lease-id:000000000000000000000000199719D4\nx-ms-meta-functioninstance:000000000000000000000000199719D4\nx-ms-return-client-request-id:true\nx-ms-version:2023-11-03\n/devstoreaccount1/devstoreaccount1/azure-webjobs-hosts/locks/codespaces62b06d-1937432781/host\ncomp:metadata"
2025-02-25T02:20:59.608Z 0b684ca3-9291-407a-971d-c554966df98a info: BlobSharedKeyAuthenticator:validate() Calculated authentication header based on key1: SharedKey devstoreaccount1:F10gNW2CABvRiGfK0REoKovjDAa5wgDfDyXpHD3bhGY=
2025-02-25T02:20:59.608Z 0b684ca3-9291-407a-971d-c554966df98a info: BlobSharedKeyAuthenticator:validate() Signature 1 matched.
2025-02-25T02:20:59.608Z 0b684ca3-9291-407a-971d-c554966df98a verbose: DeserializerMiddleware: Start deserializing...
2025-02-25T02:20:59.609Z 0b684ca3-9291-407a-971d-c554966df98a info: HandlerMiddleware: DeserializedParameters={"options":{"metadata":{"functioninstance":"000000000000000000000000199719D4"},"requestId":"32df0f8a-ebe2-4123-a234-c2d15424650a","leaseAccessConditions":{"leaseId":"000000000000000000000000199719D4"},"cpkInfo":{},"cpkScopeInfo":{},"modifiedAccessConditions":{}},"comp":"metadata","version":"2023-11-03"}
2025-02-25T02:20:59.609Z 0b684ca3-9291-407a-971d-c554966df98a verbose: SerializerMiddleware: Start serializing...
2025-02-25T02:20:59.609Z 0b684ca3-9291-407a-971d-c554966df98a info: EndMiddleware: End response. TotalTimeInMS=3 StatusCode=200 StatusMessage=undefined Headers={"server":"Azurite-Blob/3.33.0","etag":"\"0x208227F6C645F80\"","last-modified":"Tue, 25 Feb 2025 02:20:59 GMT","x-ms-client-request-id":"32df0f8a-ebe2-4123-a234-c2d15424650a","x-ms-request-id":"0b684ca3-9291-407a-971d-c554966df98a","x-ms-version":"2025-01-05","date":"Tue, 25 Feb 2025 02:20:59 GMT","x-ms-request-server-encrypted":"true"}
2025-02-25T02:21:04.997Z 	 info: Azurite Blob service is closing...
2025-02-25T02:21:04.999Z 	 info: Azurite Queue service is closing...
2025-02-25T02:21:04.999Z 	 info: Azurite Table service is closing...
2025-02-25T02:21:05.000Z 	 info: BlobGCManager:close() Start closing BlobGCManager. Set status to Closing.
2025-02-25T02:21:05.000Z 	 info: QueueGCManager:close() Start closing QueueGCManager, set status to Closing.
2025-02-25T02:21:05.001Z 	 info: BlobGCManager:start() Mark and sweep loop is closed.
2025-02-25T02:21:05.001Z 	 info: BlobGCManager:close() BlobGCManager successfully closed. Set status to Closed.
2025-02-25T02:21:05.001Z 	 info: QueueGCManager:start() Mark and sweep loop is closed.
2025-02-25T02:21:05.001Z 	 info: QueueGCManager:close() QueueGCManager successfully closed, set status to Closed.
2025-02-25T02:21:05.001Z 	 info: Azurite Table service successfully closed
2025-02-25T02:21:05.002Z 	 info: Azurite Blob service successfully closed
2025-02-25T02:21:05.002Z 	 info: Azurite Queue service successfully closed
